Downloading from central: https://repo.maven.apache.org/maven2/net/java/dev/jna/jna-platform/5.13.0/jna-platform-5.13.0.jar
Progress (1): 7.7/272 kB
Progress (1): 16/272 kB 
Progress (2): 16/272 kB | 7.7/77 kB
Progress (2): 16/272 kB | 16/77 kB 
Progress (3): 16/272 kB | 16/77 kB | 4.1/459 kB
Progress (3): 16/272 kB | 16/77 kB | 12/459 kB 
Progress (4): 16/272 kB | 16/77 kB | 12/459 kB | 0/1.6 MB
Progress (4): 16/272 kB | 16/77 kB | 12/459 kB | 0/1.6 MB
Progress (4): 32/272 kB | 16/77 kB | 12/459 kB | 0/1.6 MB
Progress (4): 32/272 kB | 16/77 kB | 29/459 kB | 0/1.6 MB
Progress (4): 32/272 kB | 32/77 kB | 29/459 kB | 0/1.6 MB
Progress (4): 49/272 kB | 32/77 kB | 29/459 kB | 0/1.6 MB
Progress (4): 49/272 kB | 32/77 kB | 45/459 kB | 0/1.6 MB
Progress (4): 49/272 kB | 32/77 kB | 45/459 kB | 0/1.6 MB
Progress (4): 49/272 kB | 32/77 kB | 57/459 kB | 0/1.6 MB
Progress (4): 65/272 kB | 32/77 kB | 57/459 kB | 0/1.6 MB
Progress (4): 65/272 kB | 32/77 kB | 74/459 kB | 0/1.6 MB
Progress (4): 65/272 kB | 49/77 kB | 74/459 kB | 0/1.6 MB
Progress (4): 81/272 kB | 49/77 kB | 74/459 kB | 0/1.6 MB
Progress (4): 81/272 kB | 49/77 kB | 90/459 kB | 0/1.6 MB
Progress (4): 81/272 kB | 49/77 kB | 90/459 kB | 0/1.6 MB
Progress (4): 81/272 kB | 49/77 kB | 106/459 kB | 0/1.6 MB
Progress (4): 81/272 kB | 65/77 kB | 106/459 kB | 0/1.6 MB
Progress (4): 98/272 kB | 65/77 kB | 106/459 kB | 0/1.6 MB
Progress (5): 98/272 kB | 65/77 kB | 106/459 kB | 0/1.6 MB | 0/1.4 MB
Progress (5): 98/272 kB | 65/77 kB | 106/459 kB | 0/1.6 MB | 0/1.4 MB
Progress (5): 98/272 kB | 65/77 kB | 123/459 kB | 0/1.6 MB | 0/1.4 MB
Progress (5): 98/272 kB | 77 kB | 123/459 kB | 0/1.6 MB | 0/1.4 MB   
Progress (5): 98/272 kB | 77 kB | 123/459 kB | 0/1.6 MB | 0/1.4 MB
Progress (5): 98/272 kB | 77 kB | 139/459 kB | 0/1.6 MB | 0/1.4 MB
                                                                  
Downloaded from central: https://repo.maven.apache.org/maven2/com/fasterxml/jackson/core/jackson-annotations/2.14.2/jackson-annotations-2.14.2.jar (77 kB at 399 kB/s)
Downloading from central: https://repo.maven.apache.org/maven2/net/java/dev/jna/jna/5.13.0/jna-5.13.0.jar
Progress (4): 98/272 kB | 139/459 kB | 0.1/1.6 MB | 0/1.4 MB
Progress (4): 114/272 kB | 139/459 kB | 0.1/1.6 MB | 0/1.4 MB
Progress (4): 114/272 kB | 139/459 kB | 0.1/1.6 MB | 0/1.4 MB
Progress (4): 114/272 kB | 156/459 kB | 0.1/1.6 MB | 0/1.4 MB
Progress (4): 114/272 kB | 160/459 kB | 0.1/1.6 MB | 0/1.4 MB
Progress (4): 131/272 kB | 160/459 kB | 0.1/1.6 MB | 0/1.4 MB
Progress (4): 131/272 kB | 160/459 kB | 0.1/1.6 MB | 0.1/1.4 MB
Progress (4): 131/272 kB | 160/459 kB | 0.1/1.6 MB | 0.1/1.4 MB
Progress (4): 131/272 kB | 176/459 kB | 0.1/1.6 MB | 0.1/1.4 MB
Progress (4): 147/272 kB | 176/459 kB | 0.1/1.6 MB | 0.1/1.4 MB
Progress (4): 147/272 kB | 193/459 kB | 0.1/1.6 MB | 0.1/1.4 MB
Progress (4): 147/272 kB | 193/459 kB | 0.1/1.6 MB | 0.1/1.4 MB
Progress (4): 147/272 kB | 209/459 kB | 0.1/1.6 MB | 0.1/1.4 MB
Progress (4): 147/272 kB | 209/459 kB | 0.1/1.6 MB | 0.1/1.4 MB
Progress (4): 163/272 kB | 209/459 kB | 0.1/1.6 MB | 0.1/1.4 MB
Progress (4): 163/272 kB | 209/459 kB | 0.1/1.6 MB | 0.1/1.4 MB
Progress (4): 163/272 kB | 225/459 kB | 0.1/1.6 MB | 0.1/1.4 MB
Progress (4): 163/272 kB | 225/459 kB | 0.1/1.6 MB | 0.1/1.4 MB
Progress (4): 163/272 kB | 242/459 kB | 0.1/1.6 MB | 0.1/1.4 MB
Progress (4): 180/272 kB | 242/459 kB | 0.1/1.6 MB | 0.1/1.4 MB
Progress (4): 180/272 kB | 242/459 kB | 0.1/1.6 MB | 0.1/1.4 MB
Progress (4): 180/272 kB | 258/459 kB | 0.1/1.6 MB | 0.1/1.4 MB
Progress (4): 180/272 kB | 258/459 kB | 0.1/1.6 MB | 0.1/1.4 MB
Progress (4): 180/272 kB | 258/459 kB | 0.1/1.6 MB | 0.1/1.4 MB
Progress (4): 180/272 kB | 274/459 kB | 0.1/1.6 MB | 0.1/1.4 MB
Progress (4): 196/272 kB | 274/459 kB | 0.1/1.6 MB | 0.1/1.4 MB
Progress (4): 196/272 kB | 274/459 kB | 0.1/1.6 MB | 0.2/1.4 MB
Progress (4): 196/272 kB | 291/459 kB | 0.1/1.6 MB | 0.2/1.4 MB
Progress (4): 196/272 kB | 291/459 kB | 0.1/1.6 MB | 0.2/1.4 MB
Progress (4): 213/272 kB | 291/459 kB | 0.1/1.6 MB | 0.2/1.4 MB
Progress (4): 213/272 kB | 291/459 kB | 0.1/1.6 MB | 0.2/1.4 MB
Progress (4): 213/272 kB | 307/459 kB | 0.1/1.6 MB | 0.2/1.4 MB
Progress (4): 213/272 kB | 307/459 kB | 0.1/1.6 MB | 0.2/1.4 MB
Progress (4): 213/272 kB | 324/459 kB | 0.1/1.6 MB | 0.2/1.4 MB
Progress (4): 229/272 kB | 324/459 kB | 0.1/1.6 MB | 0.2/1.4 MB
Progress (4): 229/272 kB | 324/459 kB | 0.1/1.6 MB | 0.2/1.4 MB
Progress (4): 229/272 kB | 340/459 kB | 0.1/1.6 MB | 0.2/1.4 MB
Progress (5): 229/272 kB | 340/459 kB | 0.1/1.6 MB | 0.2/1.4 MB | 0/1.9 MB
Progress (5): 229/272 kB | 340/459 kB | 0.1/1.6 MB | 0.2/1.4 MB | 0/1.9 MB
Progress (5): 229/272 kB | 340/459 kB | 0.1/1.6 MB | 0.2/1.4 MB | 0/1.9 MB
Progress (5): 229/272 kB | 356/459 kB | 0.1/1.6 MB | 0.2/1.4 MB | 0/1.9 MB
Progress (5): 229/272 kB | 356/459 kB | 0.1/1.6 MB | 0.2/1.4 MB | 0/1.9 MB
Progress (5): 245/272 kB | 356/459 kB | 0.1/1.6 MB | 0.2/1.4 MB | 0/1.9 MB
Progress (5): 245/272 kB | 373/459 kB | 0.1/1.6 MB | 0.2/1.4 MB | 0/1.9 MB
Progress (5): 245/272 kB | 373/459 kB | 0.1/1.6 MB | 0.2/1.4 MB | 0/1.9 MB
Progress (5): 245/272 kB | 389/459 kB | 0.1/1.6 MB | 0.2/1.4 MB | 0/1.9 MB
Progress (5): 262/272 kB | 389/459 kB | 0.1/1.6 MB | 0.2/1.4 MB | 0/1.9 MB
Progress (5): 262/272 kB | 389/459 kB | 0.1/1.6 MB | 0.2/1.4 MB | 0/1.9 MB
Progress (5): 262/272 kB | 389/459 kB | 0.1/1.6 MB | 0.2/1.4 MB | 0/1.9 MB
Progress (5): 262/272 kB | 406/459 kB | 0.1/1.6 MB | 0.2/1.4 MB | 0/1.9 MB
Progress (5): 262/272 kB | 406/459 kB | 0.2/1.6 MB | 0.2/1.4 MB | 0/1.9 MB
Progress (5): 262/272 kB | 406/459 kB | 0.2/1.6 MB | 0.3/1.4 MB | 0/1.9 MB
Progress (5): 272 kB | 406/459 kB | 0.2/1.6 MB | 0.3/1.4 MB | 0/1.9 MB    
Progress (5): 272 kB | 422/459 kB | 0.2/1.6 MB | 0.3/1.4 MB | 0/1.9 MB
                                                                      
Downloaded from central: https://repo.maven.apache.org/maven2/org/springframework/boot/spring-boot-buildpack-platform/3.2.2/spring-boot-buildpack-platform-3.2.2.jar (272 kB at 651 kB/s)
Downloading from central: https://repo.maven.apache.org/maven2/org/apache/commons/commons-compress/1.23.0/commons-compress-1.23.0.jar
Progress (4): 422/459 kB | 0.2/1.6 MB | 0.3/1.4 MB | 0/1.9 MB
Progress (4): 422/459 kB | 0.2/1.6 MB | 0.3/1.4 MB | 0/1.9 MB
Progress (4): 422/459 kB | 0.2/1.6 MB | 0.3/1.4 MB | 0/1.9 MB
Progress (4): 422/459 kB | 0.2/1.6 MB | 0.3/1.4 MB | 0/1.9 MB
Progress (4): 422/459 kB | 0.2/1.6 MB | 0.3/1.4 MB | 0/1.9 MB
Progress (4): 422/459 kB | 0.2/1.6 MB | 0.3/1.4 MB | 0.1/1.9 MB
Progress (4): 438/459 kB | 0.2/1.6 MB | 0.3/1.4 MB | 0.1/1.9 MB
Progress (4): 438/459 kB | 0.2/1.6 MB | 0.3/1.4 MB | 0.1/1.9 MB
Progress (4): 438/459 kB | 0.2/1.6 MB | 0.3/1.4 MB | 0.1/1.9 MB
Progress (4): 455/459 kB | 0.2/1.6 MB | 0.3/1.4 MB | 0.1/1.9 MB
Progress (4): 455/459 kB | 0.2/1.6 MB | 0.3/1.4 MB | 0.1/1.9 MB
Progress (4): 455/459 kB | 0.2/1.6 MB | 0.3/1.4 MB | 0.1/1.9 MB
Progress (4): 459 kB | 0.2/1.6 MB | 0.3/1.4 MB | 0.1/1.9 MB    
Progress (4): 459 kB | 0.2/1.6 MB | 0.3/1.4 MB | 0.1/1.9 MB
                                                           
Downloaded from central: https://repo.maven.apache.org/maven2/com/fasterxml/jackson/core/jackson-core/2.14.2/jackson-core-2.14.2.jar (459 kB at 968 kB/s)
Downloading from central: https://repo.maven.apache.org/maven2/org/apache/httpcomponents/client5/httpclient5/5.2.3/httpclient5-5.2.3.jar
Progress (3): 0.2/1.6 MB | 0.3/1.4 MB | 0.1/1.9 MB
Progress (3): 0.2/1.6 MB | 0.4/1.4 MB | 0.1/1.9 MB
Progress (3): 0.2/1.6 MB | 0.4/1.4 MB | 0.1/1.9 MB
Progress (3): 0.2/1.6 MB | 0.4/1.4 MB | 0.1/1.9 MB
Progress (3): 0.2/1.6 MB | 0.4/1.4 MB | 0.1/1.9 MB
Progress (3): 0.2/1.6 MB | 0.4/1.4 MB | 0.1/1.9 MB
Progress (3): 0.2/1.6 MB | 0.4/1.4 MB | 0.1/1.9 MB
Progress (3): 0.2/1.6 MB | 0.4/1.4 MB | 0.1/1.9 MB
Progress (3): 0.2/1.6 MB | 0.4/1.4 MB | 0.1/1.9 MB
Progress (3): 0.2/1.6 MB | 0.4/1.4 MB | 0.1/1.9 MB
Progress (3): 0.2/1.6 MB | 0.4/1.4 MB | 0.1/1.9 MB
Progress (3): 0.2/1.6 MB | 0.5/1.4 MB | 0.1/1.9 MB
Progress (3): 0.2/1.6 MB | 0.5/1.4 MB | 0.1/1.9 MB
Progress (3): 0.3/1.6 MB | 0.5/1.4 MB | 0.1/1.9 MB
Progress (4): 0.3/1.6 MB | 0.5/1.4 MB | 0.1/1.9 MB | 0/1.1 MB
Progress (4): 0.3/1.6 MB | 0.5/1.4 MB | 0.1/1.9 MB | 0/1.1 MB
Progress (4): 0.3/1.6 MB | 0.5/1.4 MB | 0.1/1.9 MB | 0/1.1 MB
Progress (4): 0.3/1.6 MB | 0.5/1.4 MB | 0.1/1.9 MB | 0/1.1 MB
Progress (4): 0.3/1.6 MB | 0.5/1.4 MB | 0.1/1.9 MB | 0/1.1 MB
Progress (4): 0.3/1.6 MB | 0.5/1.4 MB | 0.1/1.9 MB | 0/1.1 MB
Progress (4): 0.3/1.6 MB | 0.5/1.4 MB | 0.1/1.9 MB | 0/1.1 MB
Progress (4): 0.3/1.6 MB | 0.5/1.4 MB | 0.1/1.9 MB | 0/1.1 MB
Progress (4): 0.3/1.6 MB | 0.5/1.4 MB | 0.1/1.9 MB | 0/1.1 MB
Progress (4): 0.3/1.6 MB | 0.5/1.4 MB | 0.2/1.9 MB | 0/1.1 MB
Progress (4): 0.3/1.6 MB | 0.5/1.4 MB | 0.2/1.9 MB | 0/1.1 MB
Progress (4): 0.3/1.6 MB | 0.5/1.4 MB | 0.2/1.9 MB | 0/1.1 MB
Progress (4): 0.3/1.6 MB | 0.5/1.4 MB | 0.2/1.9 MB | 0.1/1.1 MB
Progress (4): 0.3/1.6 MB | 0.5/1.4 MB | 0.2/1.9 MB | 0.1/1.1 MB
Progress (4): 0.3/1.6 MB | 0.6/1.4 MB | 0.2/1.9 MB | 0.1/1.1 MB
Progress (4): 0.3/1.6 MB | 0.6/1.4 MB | 0.2/1.9 MB | 0.1/1.1 MB
Progress (4): 0.3/1.6 MB | 0.6/1.4 MB | 0.2/1.9 MB | 0.1/1.1 MB
Progress (5): 0.3/1.6 MB | 0.6/1.4 MB | 0.2/1.9 MB | 0.1/1.1 MB | 7.7/843 kB
Progress (5): 0.3/1.6 MB | 0.6/1.4 MB | 0.2/1.9 MB | 0.1/1.1 MB | 16/843 kB 
Progress (5): 0.3/1.6 MB | 0.6/1.4 MB | 0.2/1.9 MB | 0.1/1.1 MB | 16/843 kB
Progress (5): 0.3/1.6 MB | 0.6/1.4 MB | 0.2/1.9 MB | 0.1/1.1 MB | 16/843 kB
Progress (5): 0.3/1.6 MB | 0.6/1.4 MB | 0.2/1.9 MB | 0.1/1.1 MB | 16/843 kB
Progress (5): 0.3/1.6 MB | 0.6/1.4 MB | 0.2/1.9 MB | 0.1/1.1 MB | 32/843 kB
Progress (5): 0.3/1.6 MB | 0.6/1.4 MB | 0.2/1.9 MB | 0.1/1.1 MB | 32/843 kB
Progress (5): 0.3/1.6 MB | 0.6/1.4 MB | 0.2/1.9 MB | 0.1/1.1 MB | 49/843 kB
Progress (5): 0.3/1.6 MB | 0.6/1.4 MB | 0.2/1.9 MB | 0.1/1.1 MB | 49/843 kB
Progress (5): 0.3/1.6 MB | 0.6/1.4 MB | 0.2/1.9 MB | 0.1/1.1 MB | 49/843 kB
Progress (5): 0.3/1.6 MB | 0.6/1.4 MB | 0.2/1.9 MB | 0.1/1.1 MB | 49/843 kB
Progress (5): 0.3/1.6 MB | 0.7/1.4 MB | 0.2/1.9 MB | 0.1/1.1 MB | 49/843 kB
Progress (5): 0.3/1.6 MB | 0.7/1.4 MB | 0.2/1.9 MB | 0.1/1.1 MB | 65/843 kB
Progress (5): 0.3/1.6 MB | 0.7/1.4 MB | 0.2/1.9 MB | 0.1/1.1 MB | 66/843 kB
Progress (5): 0.3/1.6 MB | 0.7/1.4 MB | 0.2/1.9 MB | 0.1/1.1 MB | 66/843 kB
Progress (5): 0.3/1.6 MB | 0.7/1.4 MB | 0.2/1.9 MB | 0.1/1.1 MB | 66/843 kB
Progress (5): 0.3/1.6 MB | 0.7/1.4 MB | 0.2/1.9 MB | 0.1/1.1 MB | 82/843 kB
Progress (5): 0.3/1.6 MB | 0.7/1.4 MB | 0.2/1.9 MB | 0.1/1.1 MB | 90/843 kB
Progress (5): 0.3/1.6 MB | 0.7/1.4 MB | 0.2/1.9 MB | 0.1/1.1 MB | 90/843 kB
Progress (5): 0.3/1.6 MB | 0.7/1.4 MB | 0.2/1.9 MB | 0.1/1.1 MB | 106/843 kB
Progress (5): 0.3/1.6 MB | 0.7/1.4 MB | 0.2/1.9 MB | 0.1/1.1 MB | 123/843 kB
Progress (5): 0.3/1.6 MB | 0.7/1.4 MB | 0.2/1.9 MB | 0.1/1.1 MB | 127/843 kB
Progress (5): 0.3/1.6 MB | 0.7/1.4 MB | 0.2/1.9 MB | 0.1/1.1 MB | 143/843 kB
Progress (5): 0.3/1.6 MB | 0.7/1.4 MB | 0.2/1.9 MB | 0.1/1.1 MB | 143/843 kB
Progress (5): 0.3/1.6 MB | 0.7/1.4 MB | 0.2/1.9 MB | 0.1/1.1 MB | 143/843 kB
Progress (5): 0.3/1.6 MB | 0.7/1.4 MB | 0.2/1.9 MB | 0.1/1.1 MB | 143/843 kB
Progress (5): 0.3/1.6 MB | 0.7/1.4 MB | 0.2/1.9 MB | 0.1/1.1 MB | 143/843 kB
Progress (5): 0.3/1.6 MB | 0.7/1.4 MB | 0.2/1.9 MB | 0.1/1.1 MB | 143/843 kB
Progress (5): 0.4/1.6 MB | 0.7/1.4 MB | 0.2/1.9 MB | 0.1/1.1 MB | 143/843 kB
Progress (5): 0.4/1.6 MB | 0.7/1.4 MB | 0.2/1.9 MB | 0.1/1.1 MB | 143/843 kB
Progress (5): 0.4/1.6 MB | 0.7/1.4 MB | 0.2/1.9 MB | 0.1/1.1 MB | 143/843 kB
Progress (5): 0.4/1.6 MB | 0.7/1.4 MB | 0.2/1.9 MB | 0.1/1.1 MB | 143/843 kB
Progress (5): 0.4/1.6 MB | 0.7/1.4 MB | 0.2/1.9 MB | 0.1/1.1 MB | 143/843 kB
Progress (5): 0.4/1.6 MB | 0.7/1.4 MB | 0.2/1.9 MB | 0.1/1.1 MB | 143/843 kB
Progress (5): 0.4/1.6 MB | 0.8/1.4 MB | 0.2/1.9 MB | 0.1/1.1 MB | 143/843 kB
Progress (5): 0.4/1.6 MB | 0.8/1.4 MB | 0.2/1.9 MB | 0.1/1.1 MB | 143/843 kB
Progress (5): 0.4/1.6 MB | 0.8/1.4 MB | 0.2/1.9 MB | 0.1/1.1 MB | 143/843 kB
Progress (5): 0.4/1.6 MB | 0.8/1.4 MB | 0.2/1.9 MB | 0.1/1.1 MB | 143/843 kB
Progress (5): 0.4/1.6 MB | 0.8/1.4 MB | 0.2/1.9 MB | 0.1/1.1 MB | 143/843 kB
Progress (5): 0.4/1.6 MB | 0.8/1.4 MB | 0.2/1.9 MB | 0.1/1.1 MB | 143/843 kB
Progress (5): 0.4/1.6 MB | 0.8/1.4 MB | 0.2/1.9 MB | 0.1/1.1 MB | 143/843 kB
Progress (5): 0.4/1.6 MB | 0.8/1.4 MB | 0.2/1.9 MB | 0.1/1.1 MB | 143/843 kB
Progress (5): 0.4/1.6 MB | 0.9/1.4 MB | 0.2/1.9 MB | 0.1/1.1 MB | 143/843 kB
Progress (5): 0.4/1.6 MB | 0.9/1.4 MB | 0.2/1.9 MB | 0.1/1.1 MB | 143/843 kB
Progress (5): 0.4/1.6 MB | 0.9/1.4 MB | 0.2/1.9 MB | 0.1/1.1 MB | 143/843 kB
Progress (5): 0.4/1.6 MB | 0.9/1.4 MB | 0.2/1.9 MB | 0.1/1.1 MB | 143/843 kB
Progress (5): 0.4/1.6 MB | 0.9/1.4 MB | 0.2/1.9 MB | 0.1/1.1 MB | 143/843 kB
Progress (5): 0.4/1.6 MB | 0.9/1.4 MB | 0.2/1.9 MB | 0.1/1.1 MB | 143/843 kB
Progress (5): 0.4/1.6 MB | 0.9/1.4 MB | 0.2/1.9 MB | 0.1/1.1 MB | 143/843 kB
Progress (5): 0.4/1.6 MB | 0.9/1.4 MB | 0.3/1.9 MB | 0.1/1.1 MB | 143/843 kB
Progress (5): 0.4/1.6 MB | 0.9/1.4 MB | 0.3/1.9 MB | 0.1/1.1 MB | 143/843 kB
Progress (5): 0.4/1.6 MB | 0.9/1.4 MB | 0.3/1.9 MB | 0.1/1.1 MB | 143/843 kB
Progress (5): 0.4/1.6 MB | 0.9/1.4 MB | 0.3/1.9 MB | 0.1/1.1 MB | 152/843 kB
Progress (5): 0.4/1.6 MB | 0.9/1.4 MB | 0.3/1.9 MB | 0.1/1.1 MB | 164/843 kB
Progress (5): 0.4/1.6 MB | 0.9/1.4 MB | 0.3/1.9 MB | 0.1/1.1 MB | 180/843 kB
Progress (5): 0.4/1.6 MB | 0.9/1.4 MB | 0.3/1.9 MB | 0.2/1.1 MB | 180/843 kB
Progress (5): 0.4/1.6 MB | 0.9/1.4 MB | 0.3/1.9 MB | 0.2/1.1 MB | 180/843 kB
Progress (5): 0.4/1.6 MB | 0.9/1.4 MB | 0.3/1.9 MB | 0.2/1.1 MB | 180/843 kB
Progress (5): 0.4/1.6 MB | 0.9/1.4 MB | 0.3/1.9 MB | 0.2/1.1 MB | 180/843 kB
Progress (5): 0.4/1.6 MB | 0.9/1.4 MB | 0.3/1.9 MB | 0.2/1.1 MB | 180/843 kB
Progress (5): 0.4/1.6 MB | 0.9/1.4 MB | 0.3/1.9 MB | 0.2/1.1 MB | 180/843 kB
Progress (5): 0.4/1.6 MB | 0.9/1.4 MB | 0.3/1.9 MB | 0.3/1.1 MB | 180/843 kB
Progress (5): 0.4/1.6 MB | 0.9/1.4 MB | 0.3/1.9 MB | 0.3/1.1 MB | 180/843 kB
Progress (5): 0.4/1.6 MB | 0.9/1.4 MB | 0.3/1.9 MB | 0.3/1.1 MB | 180/843 kB
Progress (5): 0.4/1.6 MB | 0.9/1.4 MB | 0.3/1.9 MB | 0.3/1.1 MB | 180/843 kB
Progress (5): 0.4/1.6 MB | 0.9/1.4 MB | 0.3/1.9 MB | 0.3/1.1 MB | 180/843 kB
Progress (5): 0.4/1.6 MB | 0.9/1.4 MB | 0.3/1.9 MB | 0.3/1.1 MB | 180/843 kB
Progress (5): 0.4/1.6 MB | 0.9/1.4 MB | 0.3/1.9 MB | 0.3/1.1 MB | 180/843 kB
Progress (5): 0.4/1.6 MB | 1.0/1.4 MB | 0.3/1.9 MB | 0.3/1.1 MB | 180/843 kB
Progress (5): 0.4/1.6 MB | 1.0/1.4 MB | 0.3/1.9 MB | 0.3/1.1 MB | 180/843 kB
Progress (5): 0.4/1.6 MB | 1.0/1.4 MB | 0.3/1.9 MB | 0.3/1.1 MB | 180/843 kB
Progress (5): 0.4/1.6 MB | 1.0/1.4 MB | 0.3/1.9 MB | 0.3/1.1 MB | 180/843 kB
Progress (5): 0.4/1.6 MB | 1.0/1.4 MB | 0.3/1.9 MB | 0.3/1.1 MB | 180/843 kB
Progress (5): 0.4/1.6 MB | 1.0/1.4 MB | 0.3/1.9 MB | 0.3/1.1 MB | 197/843 kB
Progress (5): 0.4/1.6 MB | 1.0/1.4 MB | 0.3/1.9 MB | 0.3/1.1 MB | 213/843 kB
Progress (5): 0.4/1.6 MB | 1.0/1.4 MB | 0.3/1.9 MB | 0.3/1.1 MB | 229/843 kB
Progress (5): 0.4/1.6 MB | 1.0/1.4 MB | 0.3/1.9 MB | 0.3/1.1 MB | 246/843 kB
Progress (5): 0.4/1.6 MB | 1.0/1.4 MB | 0.3/1.9 MB | 0.3/1.1 MB | 262/843 kB
Progress (5): 0.4/1.6 MB | 1.0/1.4 MB | 0.3/1.9 MB | 0.3/1.1 MB | 279/843 kB
Progress (5): 0.5/1.6 MB | 1.0/1.4 MB | 0.3/1.9 MB | 0.3/1.1 MB | 279/843 kB
Progress (5): 0.5/1.6 MB | 1.0/1.4 MB | 0.3/1.9 MB | 0.3/1.1 MB | 279/843 kB
Progress (5): 0.5/1.6 MB | 1.0/1.4 MB | 0.3/1.9 MB | 0.3/1.1 MB | 295/843 kB
Progress (5): 0.5/1.6 MB | 1.1/1.4 MB | 0.3/1.9 MB | 0.3/1.1 MB | 295/843 kB
Progress (5): 0.5/1.6 MB | 1.1/1.4 MB | 0.3/1.9 MB | 0.3/1.1 MB | 311/843 kB
Progress (5): 0.5/1.6 MB | 1.1/1.4 MB | 0.3/1.9 MB | 0.3/1.1 MB | 328/843 kB
Progress (5): 0.5/1.6 MB | 1.1/1.4 MB | 0.3/1.9 MB | 0.3/1.1 MB | 344/843 kB
Progress (5): 0.5/1.6 MB | 1.1/1.4 MB | 0.3/1.9 MB | 0.3/1.1 MB | 344/843 kB
Progress (5): 0.5/1.6 MB | 1.1/1.4 MB | 0.3/1.9 MB | 0.3/1.1 MB | 344/843 kB
Progress (5): 0.5/1.6 MB | 1.1/1.4 MB | 0.3/1.9 MB | 0.4/1.1 MB | 344/843 kB
Progress (5): 0.5/1.6 MB | 1.1/1.4 MB | 0.3/1.9 MB | 0.4/1.1 MB | 344/843 kB
Progress (5): 0.5/1.6 MB | 1.1/1.4 MB | 0.3/1.9 MB | 0.4/1.1 MB | 344/843 kB
Progress (5): 0.5/1.6 MB | 1.1/1.4 MB | 0.3/1.9 MB | 0.4/1.1 MB | 344/843 kB
Progress (5): 0.5/1.6 MB | 1.1/1.4 MB | 0.3/1.9 MB | 0.4/1.1 MB | 344/843 kB
Progress (5): 0.5/1.6 MB | 1.1/1.4 MB | 0.3/1.9 MB | 0.4/1.1 MB | 344/843 kB
Progress (5): 0.5/1.6 MB | 1.1/1.4 MB | 0.3/1.9 MB | 0.4/1.1 MB | 344/843 kB
Progress (5): 0.5/1.6 MB | 1.2/1.4 MB | 0.3/1.9 MB | 0.4/1.1 MB | 344/843 kB
Progress (5): 0.5/1.6 MB | 1.2/1.4 MB | 0.3/1.9 MB | 0.4/1.1 MB | 344/843 kB
Progress (5): 0.5/1.6 MB | 1.2/1.4 MB | 0.3/1.9 MB | 0.4/1.1 MB | 344/843 kB
Progress (5): 0.5/1.6 MB | 1.2/1.4 MB | 0.3/1.9 MB | 0.4/1.1 MB | 344/843 kB
Progress (5): 0.5/1.6 MB | 1.2/1.4 MB | 0.3/1.9 MB | 0.4/1.1 MB | 344/843 kB
Progress (5): 0.5/1.6 MB | 1.2/1.4 MB | 0.3/1.9 MB | 0.4/1.1 MB | 344/843 kB
Progress (5): 0.5/1.6 MB | 1.2/1.4 MB | 0.3/1.9 MB | 0.4/1.1 MB | 344/843 kB
Progress (5): 0.5/1.6 MB | 1.2/1.4 MB | 0.3/1.9 MB | 0.4/1.1 MB | 344/843 kB
Progress (5): 0.5/1.6 MB | 1.2/1.4 MB | 0.3/1.9 MB | 0.4/1.1 MB | 344/843 kB
Progress (5): 0.5/1.6 MB | 1.2/1.4 MB | 0.3/1.9 MB | 0.5/1.1 MB | 344/843 kB
Progress (5): 0.5/1.6 MB | 1.2/1.4 MB | 0.3/1.9 MB | 0.5/1.1 MB | 360/843 kB
Progress (5): 0.5/1.6 MB | 1.2/1.4 MB | 0.3/1.9 MB | 0.5/1.1 MB | 377/843 kB
Progress (5): 0.5/1.6 MB | 1.2/1.4 MB | 0.3/1.9 MB | 0.5/1.1 MB | 377/843 kB
Progress (5): 0.5/1.6 MB | 1.2/1.4 MB | 0.3/1.9 MB | 0.5/1.1 MB | 377/843 kB
Progress (5): 0.5/1.6 MB | 1.2/1.4 MB | 0.3/1.9 MB | 0.5/1.1 MB | 377/843 kB
Progress (5): 0.5/1.6 MB | 1.2/1.4 MB | 0.3/1.9 MB | 0.5/1.1 MB | 393/843 kB
Progress (5): 0.5/1.6 MB | 1.2/1.4 MB | 0.3/1.9 MB | 0.5/1.1 MB | 393/843 kB
Progress (5): 0.5/1.6 MB | 1.2/1.4 MB | 0.3/1.9 MB | 0.5/1.1 MB | 393/843 kB
Progress (5): 0.5/1.6 MB | 1.2/1.4 MB | 0.3/1.9 MB | 0.5/1.1 MB | 393/843 kB
Progress (5): 0.5/1.6 MB | 1.2/1.4 MB | 0.3/1.9 MB | 0.5/1.1 MB | 393/843 kB
Progress (5): 0.5/1.6 MB | 1.2/1.4 MB | 0.3/1.9 MB | 0.5/1.1 MB | 393/843 kB
Progress (5): 0.5/1.6 MB | 1.2/1.4 MB | 0.3/1.9 MB | 0.5/1.1 MB | 393/843 kB
Progress (5): 0.5/1.6 MB | 1.3/1.4 MB | 0.3/1.9 MB | 0.5/1.1 MB | 393/843 kB
Progress (5): 0.5/1.6 MB | 1.3/1.4 MB | 0.3/1.9 MB | 0.5/1.1 MB | 393/843 kB
Progress (5): 0.5/1.6 MB | 1.3/1.4 MB | 0.3/1.9 MB | 0.5/1.1 MB | 393/843 kB
Progress (5): 0.5/1.6 MB | 1.3/1.4 MB | 0.3/1.9 MB | 0.5/1.1 MB | 393/843 kB
Progress (5): 0.5/1.6 MB | 1.3/1.4 MB | 0.3/1.9 MB | 0.5/1.1 MB | 393/843 kB
Progress (5): 0.5/1.6 MB | 1.3/1.4 MB | 0.3/1.9 MB | 0.5/1.1 MB | 393/843 kB
Progress (5): 0.5/1.6 MB | 1.3/1.4 MB | 0.3/1.9 MB | 0.5/1.1 MB | 393/843 kB
Progress (5): 0.5/1.6 MB | 1.3/1.4 MB | 0.3/1.9 MB | 0.5/1.1 MB | 393/843 kB
Progress (5): 0.5/1.6 MB | 1.3/1.4 MB | 0.3/1.9 MB | 0.6/1.1 MB | 393/843 kB
Progress (5): 0.5/1.6 MB | 1.4/1.4 MB | 0.3/1.9 MB | 0.6/1.1 MB | 393/843 kB
Progress (5): 0.5/1.6 MB | 1.4 MB | 0.3/1.9 MB | 0.6/1.1 MB | 393/843 kB    
                                                                        
Downloaded from central: https://repo.maven.apache.org/maven2/net/java/dev/jna/jna-platform/5.13.0/jna-platform-5.13.0.jar (1.4 MB at 699 kB/s)
Downloading from central: https://repo.maven.apache.org/maven2/org/apache/httpcomponents/core5/httpcore5/5.2.4/httpcore5-5.2.4.jar
Progress (4): 0.5/1.6 MB | 0.3/1.9 MB | 0.6/1.1 MB | 393/843 kB
Progress (4): 0.5/1.6 MB | 0.3/1.9 MB | 0.6/1.1 MB | 393/843 kB
Progress (4): 0.5/1.6 MB | 0.4/1.9 MB | 0.6/1.1 MB | 393/843 kB
Progress (4): 0.5/1.6 MB | 0.4/1.9 MB | 0.6/1.1 MB | 393/843 kB
Progress (4): 0.5/1.6 MB | 0.4/1.9 MB | 0.6/1.1 MB | 393/843 kB
Progress (4): 0.5/1.6 MB | 0.4/1.9 MB | 0.6/1.1 MB | 393/843 kB
Progress (4): 0.5/1.6 MB | 0.4/1.9 MB | 0.6/1.1 MB | 410/843 kB
Progress (4): 0.5/1.6 MB | 0.4/1.9 MB | 0.6/1.1 MB | 426/843 kB
Progress (4): 0.6/1.6 MB | 0.4/1.9 MB | 0.6/1.1 MB | 426/843 kB
Progress (4): 0.6/1.6 MB | 0.4/1.9 MB | 0.6/1.1 MB | 442/843 kB
Progress (4): 0.6/1.6 MB | 0.4/1.9 MB | 0.6/1.1 MB | 442/843 kB
Progress (5): 0.6/1.6 MB | 0.4/1.9 MB | 0.6/1.1 MB | 442/843 kB | 8.2/855 kB
Progress (5): 0.6/1.6 MB | 0.4/1.9 MB | 0.6/1.1 MB | 442/843 kB | 8.2/855 kB
Progress (5): 0.6/1.6 MB | 0.4/1.9 MB | 0.6/1.1 MB | 442/843 kB | 8.2/855 kB
Progress (5): 0.6/1.6 MB | 0.4/1.9 MB | 0.7/1.1 MB | 442/843 kB | 8.2/855 kB
Progress (5): 0.6/1.6 MB | 0.4/1.9 MB | 0.7/1.1 MB | 442/843 kB | 8.2/855 kB
Progress (5): 0.6/1.6 MB | 0.4/1.9 MB | 0.7/1.1 MB | 442/843 kB | 8.2/855 kB
Progress (5): 0.6/1.6 MB | 0.4/1.9 MB | 0.7/1.1 MB | 442/843 kB | 8.2/855 kB
Progress (5): 0.6/1.6 MB | 0.4/1.9 MB | 0.7/1.1 MB | 442/843 kB | 8.2/855 kB
Progress (5): 0.6/1.6 MB | 0.4/1.9 MB | 0.7/1.1 MB | 442/843 kB | 8.2/855 kB
Progress (5): 0.6/1.6 MB | 0.4/1.9 MB | 0.7/1.1 MB | 442/843 kB | 8.2/855 kB
Progress (5): 0.6/1.6 MB | 0.4/1.9 MB | 0.7/1.1 MB | 442/843 kB | 25/855 kB 
Progress (5): 0.6/1.6 MB | 0.4/1.9 MB | 0.7/1.1 MB | 442/843 kB | 41/855 kB
Progress (5): 0.6/1.6 MB | 0.4/1.9 MB | 0.7/1.1 MB | 442/843 kB | 57/855 kB
Progress (5): 0.6/1.6 MB | 0.4/1.9 MB | 0.7/1.1 MB | 442/843 kB | 57/855 kB
Progress (5): 0.6/1.6 MB | 0.4/1.9 MB | 0.7/1.1 MB | 442/843 kB | 57/855 kB
Progress (5): 0.6/1.6 MB | 0.4/1.9 MB | 0.7/1.1 MB | 442/843 kB | 57/855 kB
Progress (5): 0.6/1.6 MB | 0.4/1.9 MB | 0.7/1.1 MB | 442/843 kB | 74/855 kB
Progress (5): 0.6/1.6 MB | 0.4/1.9 MB | 0.7/1.1 MB | 442/843 kB | 78/855 kB
Progress (5): 0.6/1.6 MB | 0.4/1.9 MB | 0.7/1.1 MB | 442/843 kB | 90/855 kB
Progress (5): 0.6/1.6 MB | 0.4/1.9 MB | 0.7/1.1 MB | 442/843 kB | 106/855 kB
Progress (5): 0.6/1.6 MB | 0.4/1.9 MB | 0.7/1.1 MB | 442/843 kB | 111/855 kB
Progress (5): 0.6/1.6 MB | 0.4/1.9 MB | 0.7/1.1 MB | 442/843 kB | 123/855 kB
Progress (5): 0.6/1.6 MB | 0.4/1.9 MB | 0.7/1.1 MB | 442/843 kB | 139/855 kB
Progress (5): 0.6/1.6 MB | 0.4/1.9 MB | 0.7/1.1 MB | 442/843 kB | 156/855 kB
Progress (5): 0.6/1.6 MB | 0.4/1.9 MB | 0.7/1.1 MB | 442/843 kB | 160/855 kB
Progress (5): 0.6/1.6 MB | 0.4/1.9 MB | 0.7/1.1 MB | 442/843 kB | 168/855 kB
Progress (5): 0.6/1.6 MB | 0.4/1.9 MB | 0.7/1.1 MB | 442/843 kB | 184/855 kB
Progress (5): 0.6/1.6 MB | 0.4/1.9 MB | 0.7/1.1 MB | 442/843 kB | 184/855 kB
Progress (5): 0.6/1.6 MB | 0.4/1.9 MB | 0.7/1.1 MB | 442/843 kB | 184/855 kB
Progress (5): 0.6/1.6 MB | 0.4/1.9 MB | 0.7/1.1 MB | 442/843 kB | 184/855 kB
Progress (5): 0.6/1.6 MB | 0.4/1.9 MB | 0.7/1.1 MB | 459/843 kB | 184/855 kB
Progress (5): 0.6/1.6 MB | 0.4/1.9 MB | 0.7/1.1 MB | 475/843 kB | 184/855 kB
Progress (5): 0.6/1.6 MB | 0.4/1.9 MB | 0.7/1.1 MB | 492/843 kB | 184/855 kB
Progress (5): 0.6/1.6 MB | 0.4/1.9 MB | 0.7/1.1 MB | 492/843 kB | 201/855 kB
Progress (5): 0.6/1.6 MB | 0.4/1.9 MB | 0.7/1.1 MB | 492/843 kB | 205/855 kB
Progress (5): 0.6/1.6 MB | 0.4/1.9 MB | 0.7/1.1 MB | 492/843 kB | 217/855 kB
Progress (5): 0.6/1.6 MB | 0.4/1.9 MB | 0.7/1.1 MB | 492/843 kB | 221/855 kB
Progress (5): 0.6/1.6 MB | 0.4/1.9 MB | 0.7/1.1 MB | 492/843 kB | 238/855 kB
Progress (5): 0.6/1.6 MB | 0.4/1.9 MB | 0.7/1.1 MB | 492/843 kB | 238/855 kB
Progress (5): 0.6/1.6 MB | 0.4/1.9 MB | 0.8/1.1 MB | 492/843 kB | 238/855 kB
Progress (5): 0.7/1.6 MB | 0.4/1.9 MB | 0.8/1.1 MB | 492/843 kB | 238/855 kB
Progress (5): 0.7/1.6 MB | 0.4/1.9 MB | 0.8/1.1 MB | 492/843 kB | 254/855 kB
Progress (5): 0.7/1.6 MB | 0.4/1.9 MB | 0.8/1.1 MB | 492/843 kB | 270/855 kB
Progress (5): 0.7/1.6 MB | 0.4/1.9 MB | 0.8/1.1 MB | 492/843 kB | 270/855 kB
Progress (5): 0.7/1.6 MB | 0.4/1.9 MB | 0.8/1.1 MB | 492/843 kB | 270/855 kB
Progress (5): 0.7/1.6 MB | 0.4/1.9 MB | 0.8/1.1 MB | 492/843 kB | 270/855 kB
Progress (5): 0.7/1.6 MB | 0.4/1.9 MB | 0.8/1.1 MB | 492/843 kB | 270/855 kB
Progress (5): 0.7/1.6 MB | 0.4/1.9 MB | 0.8/1.1 MB | 492/843 kB | 287/855 kB
Progress (5): 0.7/1.6 MB | 0.4/1.9 MB | 0.8/1.1 MB | 492/843 kB | 303/855 kB
Progress (5): 0.7/1.6 MB | 0.4/1.9 MB | 0.8/1.1 MB | 492/843 kB | 319/855 kB
Progress (5): 0.7/1.6 MB | 0.4/1.9 MB | 0.8/1.1 MB | 492/843 kB | 319/855 kB
Progress (5): 0.7/1.6 MB | 0.4/1.9 MB | 0.8/1.1 MB | 508/843 kB | 319/855 kB
Progress (5): 0.7/1.6 MB | 0.4/1.9 MB | 0.8/1.1 MB | 524/843 kB | 319/855 kB
Progress (5): 0.7/1.6 MB | 0.4/1.9 MB | 0.8/1.1 MB | 524/843 kB | 319/855 kB
Progress (5): 0.7/1.6 MB | 0.4/1.9 MB | 0.8/1.1 MB | 524/843 kB | 336/855 kB
Progress (5): 0.7/1.6 MB | 0.4/1.9 MB | 0.8/1.1 MB | 524/843 kB | 348/855 kB
Progress (5): 0.7/1.6 MB | 0.4/1.9 MB | 0.8/1.1 MB | 524/843 kB | 348/855 kB
Progress (5): 0.7/1.6 MB | 0.4/1.9 MB | 0.8/1.1 MB | 541/843 kB | 348/855 kB
Progress (5): 0.7/1.6 MB | 0.4/1.9 MB | 0.8/1.1 MB | 541/843 kB | 365/855 kB
Progress (5): 0.7/1.6 MB | 0.4/1.9 MB | 0.8/1.1 MB | 541/843 kB | 381/855 kB
Progress (5): 0.7/1.6 MB | 0.4/1.9 MB | 0.8/1.1 MB | 541/843 kB | 397/855 kB
Progress (5): 0.7/1.6 MB | 0.4/1.9 MB | 0.8/1.1 MB | 541/843 kB | 414/855 kB
Progress (5): 0.7/1.6 MB | 0.4/1.9 MB | 0.8/1.1 MB | 541/843 kB | 430/855 kB
Progress (5): 0.7/1.6 MB | 0.4/1.9 MB | 0.8/1.1 MB | 541/843 kB | 430/855 kB
Progress (5): 0.7/1.6 MB | 0.4/1.9 MB | 0.8/1.1 MB | 541/843 kB | 430/855 kB
Progress (5): 0.7/1.6 MB | 0.4/1.9 MB | 0.8/1.1 MB | 541/843 kB | 430/855 kB
Progress (5): 0.7/1.6 MB | 0.4/1.9 MB | 0.8/1.1 MB | 557/843 kB | 430/855 kB
Progress (5): 0.7/1.6 MB | 0.4/1.9 MB | 0.9/1.1 MB | 557/843 kB | 430/855 kB
Progress (5): 0.7/1.6 MB | 0.4/1.9 MB | 0.9/1.1 MB | 557/843 kB | 430/855 kB
Progress (5): 0.7/1.6 MB | 0.4/1.9 MB | 0.9/1.1 MB | 557/843 kB | 430/855 kB
Progress (5): 0.7/1.6 MB | 0.5/1.9 MB | 0.9/1.1 MB | 557/843 kB | 430/855 kB
Progress (5): 0.7/1.6 MB | 0.5/1.9 MB | 0.9/1.1 MB | 573/843 kB | 430/855 kB
Progress (5): 0.7/1.6 MB | 0.5/1.9 MB | 0.9/1.1 MB | 573/843 kB | 446/855 kB
Progress (5): 0.7/1.6 MB | 0.5/1.9 MB | 0.9/1.1 MB | 573/843 kB | 463/855 kB
Progress (5): 0.7/1.6 MB | 0.5/1.9 MB | 0.9/1.1 MB | 573/843 kB | 463/855 kB
Progress (5): 0.7/1.6 MB | 0.5/1.9 MB | 0.9/1.1 MB | 573/843 kB | 463/855 kB
Progress (5): 0.7/1.6 MB | 0.5/1.9 MB | 0.9/1.1 MB | 573/843 kB | 479/855 kB
Progress (5): 0.7/1.6 MB | 0.5/1.9 MB | 0.9/1.1 MB | 573/843 kB | 496/855 kB
Progress (5): 0.7/1.6 MB | 0.5/1.9 MB | 0.9/1.1 MB | 573/843 kB | 496/855 kB
Progress (5): 0.7/1.6 MB | 0.5/1.9 MB | 0.9/1.1 MB | 573/843 kB | 496/855 kB
Progress (5): 0.7/1.6 MB | 0.5/1.9 MB | 0.9/1.1 MB | 573/843 kB | 496/855 kB
Progress (5): 0.7/1.6 MB | 0.5/1.9 MB | 0.9/1.1 MB | 573/843 kB | 512/855 kB
Progress (5): 0.7/1.6 MB | 0.5/1.9 MB | 0.9/1.1 MB | 573/843 kB | 528/855 kB
Progress (5): 0.8/1.6 MB | 0.5/1.9 MB | 0.9/1.1 MB | 573/843 kB | 528/855 kB
Progress (5): 0.8/1.6 MB | 0.5/1.9 MB | 0.9/1.1 MB | 573/843 kB | 545/855 kB
Progress (5): 0.8/1.6 MB | 0.5/1.9 MB | 0.9/1.1 MB | 573/843 kB | 561/855 kB
Progress (5): 0.8/1.6 MB | 0.5/1.9 MB | 0.9/1.1 MB | 573/843 kB | 578/855 kB
Progress (5): 0.8/1.6 MB | 0.5/1.9 MB | 0.9/1.1 MB | 573/843 kB | 594/855 kB
Progress (5): 0.8/1.6 MB | 0.5/1.9 MB | 0.9/1.1 MB | 573/843 kB | 610/855 kB
Progress (5): 0.8/1.6 MB | 0.5/1.9 MB | 0.9/1.1 MB | 573/843 kB | 610/855 kB
Progress (5): 0.8/1.6 MB | 0.5/1.9 MB | 0.9/1.1 MB | 590/843 kB | 610/855 kB
Progress (5): 0.8/1.6 MB | 0.5/1.9 MB | 0.9/1.1 MB | 590/843 kB | 610/855 kB
Progress (5): 0.8/1.6 MB | 0.5/1.9 MB | 0.9/1.1 MB | 606/843 kB | 610/855 kB
Progress (5): 0.8/1.6 MB | 0.5/1.9 MB | 0.9/1.1 MB | 606/843 kB | 610/855 kB
Progress (5): 0.8/1.6 MB | 0.5/1.9 MB | 0.9/1.1 MB | 606/843 kB | 610/855 kB
Progress (5): 0.8/1.6 MB | 0.5/1.9 MB | 0.9/1.1 MB | 606/843 kB | 610/855 kB
Progress (5): 0.8/1.6 MB | 0.5/1.9 MB | 1.0/1.1 MB | 606/843 kB | 610/855 kB
Progress (5): 0.8/1.6 MB | 0.5/1.9 MB | 1.0/1.1 MB | 606/843 kB | 610/855 kB
Progress (5): 0.8/1.6 MB | 0.5/1.9 MB | 1.0/1.1 MB | 606/843 kB | 627/855 kB
Progress (5): 0.8/1.6 MB | 0.5/1.9 MB | 1.0/1.1 MB | 606/843 kB | 643/855 kB
Progress (5): 0.8/1.6 MB | 0.5/1.9 MB | 1.0/1.1 MB | 606/843 kB | 659/855 kB
Progress (5): 0.8/1.6 MB | 0.5/1.9 MB | 1.0/1.1 MB | 606/843 kB | 676/855 kB
Progress (5): 0.8/1.6 MB | 0.5/1.9 MB | 1.0/1.1 MB | 606/843 kB | 692/855 kB
Progress (5): 0.8/1.6 MB | 0.5/1.9 MB | 1.0/1.1 MB | 606/843 kB | 709/855 kB
Progress (5): 0.8/1.6 MB | 0.5/1.9 MB | 1.0/1.1 MB | 606/843 kB | 709/855 kB
Progress (5): 0.8/1.6 MB | 0.5/1.9 MB | 1.0/1.1 MB | 623/843 kB | 709/855 kB
Progress (5): 0.8/1.6 MB | 0.5/1.9 MB | 1.0/1.1 MB | 623/843 kB | 709/855 kB
Progress (5): 0.8/1.6 MB | 0.5/1.9 MB | 1.0/1.1 MB | 623/843 kB | 709/855 kB
Progress (5): 0.8/1.6 MB | 0.5/1.9 MB | 1.0/1.1 MB | 623/843 kB | 709/855 kB
Progress (5): 0.8/1.6 MB | 0.5/1.9 MB | 1.0/1.1 MB | 623/843 kB | 709/855 kB
Progress (5): 0.8/1.6 MB | 0.5/1.9 MB | 1.0/1.1 MB | 623/843 kB | 725/855 kB
Progress (5): 0.8/1.6 MB | 0.5/1.9 MB | 1.0/1.1 MB | 623/843 kB | 741/855 kB
Progress (5): 0.8/1.6 MB | 0.5/1.9 MB | 1.0/1.1 MB | 623/843 kB | 758/855 kB
Progress (5): 0.8/1.6 MB | 0.5/1.9 MB | 1.0/1.1 MB | 639/843 kB | 758/855 kB
Progress (5): 0.8/1.6 MB | 0.5/1.9 MB | 1.0/1.1 MB | 639/843 kB | 758/855 kB
Progress (5): 0.8/1.6 MB | 0.5/1.9 MB | 1.0/1.1 MB | 655/843 kB | 758/855 kB
Progress (5): 0.8/1.6 MB | 0.5/1.9 MB | 1.0/1.1 MB | 655/843 kB | 758/855 kB
Progress (5): 0.8/1.6 MB | 0.5/1.9 MB | 1.0/1.1 MB | 655/843 kB | 774/855 kB
Progress (5): 0.8/1.6 MB | 0.5/1.9 MB | 1.0/1.1 MB | 655/843 kB | 791/855 kB
Progress (5): 0.8/1.6 MB | 0.5/1.9 MB | 1.0/1.1 MB | 655/843 kB | 807/855 kB
Progress (5): 0.8/1.6 MB | 0.5/1.9 MB | 1.0/1.1 MB | 655/843 kB | 823/855 kB
Progress (5): 0.8/1.6 MB | 0.5/1.9 MB | 1.0/1.1 MB | 655/843 kB | 840/855 kB
Progress (5): 0.8/1.6 MB | 0.5/1.9 MB | 1.0/1.1 MB | 655/843 kB | 855 kB    
                                                                        
Downloaded from central: https://repo.maven.apache.org/maven2/org/apache/httpcomponents/core5/httpcore5/5.2.4/httpcore5-5.2.4.jar (855 kB at 246 kB/s)
Downloading from central: https://repo.maven.apache.org/maven2/org/apache/httpcomponents/core5/httpcore5-h2/5.2.4/httpcore5-h2-5.2.4.jar
Progress (4): 0.8/1.6 MB | 0.5/1.9 MB | 1.0/1.1 MB | 655/843 kB
Progress (4): 0.8/1.6 MB | 0.5/1.9 MB | 1.0/1.1 MB | 672/843 kB
Progress (4): 0.8/1.6 MB | 0.5/1.9 MB | 1.0/1.1 MB | 672/843 kB
Progress (4): 0.8/1.6 MB | 0.5/1.9 MB | 1.1 MB | 672/843 kB    
Progress (4): 0.8/1.6 MB | 0.5/1.9 MB | 1.1 MB | 672/843 kB
                                                           
Downloaded from central: https://repo.maven.apache.org/maven2/org/apache/commons/commons-compress/1.23.0/commons-compress-1.23.0.jar (1.1 MB at 305 kB/s)
Downloading from central: https://repo.maven.apache.org/maven2/org/springframework/spring-core/6.0.10/spring-core-6.0.10.jar
Progress (3): 0.9/1.6 MB | 0.5/1.9 MB | 672/843 kB
Progress (3): 0.9/1.6 MB | 0.5/1.9 MB | 688/843 kB
Progress (4): 0.9/1.6 MB | 0.5/1.9 MB | 688/843 kB | 7.7/237 kB
Progress (4): 0.9/1.6 MB | 0.5/1.9 MB | 688/843 kB | 12/237 kB 
Progress (5): 0.9/1.6 MB | 0.5/1.9 MB | 688/843 kB | 12/237 kB | 0/1.8 MB
Progress (5): 0.9/1.6 MB | 0.5/1.9 MB | 688/843 kB | 12/237 kB | 0/1.8 MB
Progress (5): 0.9/1.6 MB | 0.5/1.9 MB | 688/843 kB | 29/237 kB | 0/1.8 MB
Progress (5): 0.9/1.6 MB | 0.5/1.9 MB | 688/843 kB | 45/237 kB | 0/1.8 MB
Progress (5): 0.9/1.6 MB | 0.5/1.9 MB | 688/843 kB | 45/237 kB | 0/1.8 MB
Progress (5): 0.9/1.6 MB | 0.5/1.9 MB | 688/843 kB | 45/237 kB | 0/1.8 MB
Progress (5): 0.9/1.6 MB | 0.5/1.9 MB | 688/843 kB | 61/237 kB | 0/1.8 MB
Progress (5): 0.9/1.6 MB | 0.5/1.9 MB | 705/843 kB | 61/237 kB | 0/1.8 MB
Progress (5): 0.9/1.6 MB | 0.5/1.9 MB | 705/843 kB | 78/237 kB | 0/1.8 MB
Progress (5): 0.9/1.6 MB | 0.5/1.9 MB | 705/843 kB | 78/237 kB | 0/1.8 MB
Progress (5): 0.9/1.6 MB | 0.5/1.9 MB | 705/843 kB | 94/237 kB | 0/1.8 MB
Progress (5): 0.9/1.6 MB | 0.5/1.9 MB | 705/843 kB | 94/237 kB | 0/1.8 MB
Progress (5): 0.9/1.6 MB | 0.5/1.9 MB | 705/843 kB | 111/237 kB | 0/1.8 MB
Progress (5): 0.9/1.6 MB | 0.5/1.9 MB | 705/843 kB | 111/237 kB | 0.1/1.8 MB
Progress (5): 0.9/1.6 MB | 0.5/1.9 MB | 721/843 kB | 111/237 kB | 0.1/1.8 MB
Progress (5): 0.9/1.6 MB | 0.5/1.9 MB | 721/843 kB | 127/237 kB | 0.1/1.8 MB
Progress (5): 0.9/1.6 MB | 0.5/1.9 MB | 721/843 kB | 143/237 kB | 0.1/1.8 MB
Progress (5): 0.9/1.6 MB | 0.5/1.9 MB | 721/843 kB | 143/237 kB | 0.1/1.8 MB
Progress (5): 0.9/1.6 MB | 0.6/1.9 MB | 721/843 kB | 143/237 kB | 0.1/1.8 MB
Progress (5): 0.9/1.6 MB | 0.6/1.9 MB | 721/843 kB | 143/237 kB | 0.1/1.8 MB
Progress (5): 0.9/1.6 MB | 0.6/1.9 MB | 737/843 kB | 143/237 kB | 0.1/1.8 MB
Progress (5): 0.9/1.6 MB | 0.6/1.9 MB | 737/843 kB | 143/237 kB | 0.1/1.8 MB
Progress (5): 0.9/1.6 MB | 0.6/1.9 MB | 737/843 kB | 143/237 kB | 0.1/1.8 MB
Progress (5): 0.9/1.6 MB | 0.6/1.9 MB | 737/843 kB | 160/237 kB | 0.1/1.8 MB
Progress (5): 0.9/1.6 MB | 0.6/1.9 MB | 737/843 kB | 176/237 kB | 0.1/1.8 MB
Progress (5): 0.9/1.6 MB | 0.6/1.9 MB | 737/843 kB | 193/237 kB | 0.1/1.8 MB
Progress (5): 0.9/1.6 MB | 0.6/1.9 MB | 737/843 kB | 193/237 kB | 0.1/1.8 MB
Progress (5): 0.9/1.6 MB | 0.6/1.9 MB | 737/843 kB | 193/237 kB | 0.1/1.8 MB
Progress (5): 0.9/1.6 MB | 0.6/1.9 MB | 737/843 kB | 209/237 kB | 0.1/1.8 MB
Progress (5): 0.9/1.6 MB | 0.6/1.9 MB | 737/843 kB | 225/237 kB | 0.1/1.8 MB
Progress (5): 0.9/1.6 MB | 0.6/1.9 MB | 737/843 kB | 237 kB | 0.1/1.8 MB    
                                                                        
Downloaded from central: https://repo.maven.apache.org/maven2/org/apache/httpcomponents/core5/httpcore5-h2/5.2.4/httpcore5-h2-5.2.4.jar (237 kB at 60 kB/s)
Downloading from central: https://repo.maven.apache.org/maven2/org/springframework/spring-jcl/6.0.10/spring-jcl-6.0.10.jar
Progress (4): 0.9/1.6 MB | 0.6/1.9 MB | 737/843 kB | 0.1/1.8 MB
Progress (4): 0.9/1.6 MB | 0.6/1.9 MB | 737/843 kB | 0.1/1.8 MB
Progress (4): 0.9/1.6 MB | 0.6/1.9 MB | 737/843 kB | 0.1/1.8 MB
Progress (4): 0.9/1.6 MB | 0.6/1.9 MB | 737/843 kB | 0.2/1.8 MB
Progress (4): 0.9/1.6 MB | 0.6/1.9 MB | 754/843 kB | 0.2/1.8 MB
Progress (4): 0.9/1.6 MB | 0.6/1.9 MB | 754/843 kB | 0.2/1.8 MB
Progress (4): 0.9/1.6 MB | 0.6/1.9 MB | 770/843 kB | 0.2/1.8 MB
Progress (4): 0.9/1.6 MB | 0.6/1.9 MB | 770/843 kB | 0.2/1.8 MB
Progress (5): 0.9/1.6 MB | 0.6/1.9 MB | 770/843 kB | 0.2/1.8 MB | 7.7/24 kB
Progress (5): 0.9/1.6 MB | 0.6/1.9 MB | 770/843 kB | 0.2/1.8 MB | 16/24 kB 
Progress (5): 0.9/1.6 MB | 0.6/1.9 MB | 770/843 kB | 0.2/1.8 MB | 24 kB   
                                                                       
Downloaded from central: https://repo.maven.apache.org/maven2/org/springframework/spring-jcl/6.0.10/spring-jcl-6.0.10.jar (24 kB at 5.8 kB/s)
Downloading from central: https://repo.maven.apache.org/maven2/org/tomlj/tomlj/1.0.0/tomlj-1.0.0.jar
Progress (4): 0.9/1.6 MB | 0.6/1.9 MB | 770/843 kB | 0.2/1.8 MB
Progress (4): 0.9/1.6 MB | 0.6/1.9 MB | 770/843 kB | 0.2/1.8 MB
Progress (4): 0.9/1.6 MB | 0.6/1.9 MB | 770/843 kB | 0.2/1.8 MB
Progress (4): 1.0/1.6 MB | 0.6/1.9 MB | 770/843 kB | 0.2/1.8 MB
Progress (4): 1.0/1.6 MB | 0.6/1.9 MB | 786/843 kB | 0.2/1.8 MB
Progress (4): 1.0/1.6 MB | 0.6/1.9 MB | 786/843 kB | 0.2/1.8 MB
Progress (4): 1.0/1.6 MB | 0.6/1.9 MB | 786/843 kB | 0.2/1.8 MB
Progress (4): 1.0/1.6 MB | 0.6/1.9 MB | 786/843 kB | 0.2/1.8 MB
Progress (4): 1.0/1.6 MB | 0.6/1.9 MB | 803/843 kB | 0.2/1.8 MB
Progress (4): 1.0/1.6 MB | 0.6/1.9 MB | 803/843 kB | 0.2/1.8 MB
Progress (5): 1.0/1.6 MB | 0.6/1.9 MB | 803/843 kB | 0.2/1.8 MB | 7.7/157 kB
Progress (5): 1.0/1.6 MB | 0.6/1.9 MB | 803/843 kB | 0.2/1.8 MB | 16/157 kB 
Progress (5): 1.0/1.6 MB | 0.6/1.9 MB | 803/843 kB | 0.3/1.8 MB | 16/157 kB
Progress (5): 1.0/1.6 MB | 0.6/1.9 MB | 803/843 kB | 0.3/1.8 MB | 32/157 kB
Progress (5): 1.0/1.6 MB | 0.6/1.9 MB | 803/843 kB | 0.3/1.8 MB | 49/157 kB
Progress (5): 1.0/1.6 MB | 0.6/1.9 MB | 803/843 kB | 0.3/1.8 MB | 49/157 kB
Progress (5): 1.0/1.6 MB | 0.6/1.9 MB | 803/843 kB | 0.3/1.8 MB | 49/157 kB
Progress (5): 1.0/1.6 MB | 0.6/1.9 MB | 803/843 kB | 0.3/1.8 MB | 65/157 kB
Progress (5): 1.0/1.6 MB | 0.6/1.9 MB | 803/843 kB | 0.3/1.8 MB | 65/157 kB
Progress (5): 1.0/1.6 MB | 0.6/1.9 MB | 803/843 kB | 0.3/1.8 MB | 81/157 kB
Progress (5): 1.0/1.6 MB | 0.6/1.9 MB | 803/843 kB | 0.3/1.8 MB | 98/157 kB
Progress (5): 1.0/1.6 MB | 0.6/1.9 MB | 803/843 kB | 0.3/1.8 MB | 114/157 kB
Progress (5): 1.0/1.6 MB | 0.6/1.9 MB | 803/843 kB | 0.3/1.8 MB | 131/157 kB
Progress (5): 1.0/1.6 MB | 0.6/1.9 MB | 803/843 kB | 0.3/1.8 MB | 131/157 kB
Progress (5): 1.0/1.6 MB | 0.6/1.9 MB | 819/843 kB | 0.3/1.8 MB | 131/157 kB
Progress (5): 1.0/1.6 MB | 0.6/1.9 MB | 836/843 kB | 0.3/1.8 MB | 131/157 kB
Progress (5): 1.0/1.6 MB | 0.6/1.9 MB | 836/843 kB | 0.3/1.8 MB | 131/157 kB
Progress (5): 1.0/1.6 MB | 0.7/1.9 MB | 836/843 kB | 0.3/1.8 MB | 131/157 kB
Progress (5): 1.0/1.6 MB | 0.7/1.9 MB | 836/843 kB | 0.3/1.8 MB | 131/157 kB
Progress (5): 1.0/1.6 MB | 0.7/1.9 MB | 843 kB | 0.3/1.8 MB | 131/157 kB    
                                                                        
Downloaded from central: https://repo.maven.apache.org/maven2/org/apache/httpcomponents/client5/httpclient5/5.2.3/httpclient5-5.2.3.jar (843 kB at 185 kB/s)
Downloading from central: https://repo.maven.apache.org/maven2/org/antlr/antlr4-runtime/4.7.2/antlr4-runtime-4.7.2.jar
Progress (4): 1.0/1.6 MB | 0.7/1.9 MB | 0.3/1.8 MB | 131/157 kB
Progress (4): 1.0/1.6 MB | 0.7/1.9 MB | 0.3/1.8 MB | 131/157 kB
Progress (4): 1.0/1.6 MB | 0.7/1.9 MB | 0.3/1.8 MB | 131/157 kB
Progress (4): 1.0/1.6 MB | 0.7/1.9 MB | 0.4/1.8 MB | 131/157 kB
Progress (4): 1.0/1.6 MB | 0.7/1.9 MB | 0.4/1.8 MB | 131/157 kB
Progress (4): 1.0/1.6 MB | 0.7/1.9 MB | 0.4/1.8 MB | 131/157 kB
Progress (5): 1.0/1.6 MB | 0.7/1.9 MB | 0.4/1.8 MB | 131/157 kB | 4.1/338 kB
Progress (5): 1.0/1.6 MB | 0.7/1.9 MB | 0.4/1.8 MB | 131/157 kB | 4.1/338 kB
Progress (5): 1.0/1.6 MB | 0.7/1.9 MB | 0.4/1.8 MB | 131/157 kB | 4.1/338 kB
Progress (5): 1.1/1.6 MB | 0.7/1.9 MB | 0.4/1.8 MB | 131/157 kB | 4.1/338 kB
Progress (5): 1.1/1.6 MB | 0.7/1.9 MB | 0.4/1.8 MB | 131/157 kB | 4.1/338 kB
Progress (5): 1.1/1.6 MB | 0.7/1.9 MB | 0.4/1.8 MB | 131/157 kB | 4.1/338 kB
Progress (5): 1.1/1.6 MB | 0.7/1.9 MB | 0.4/1.8 MB | 131/157 kB | 20/338 kB 
Progress (5): 1.1/1.6 MB | 0.7/1.9 MB | 0.4/1.8 MB | 131/157 kB | 20/338 kB
Progress (5): 1.1/1.6 MB | 0.7/1.9 MB | 0.4/1.8 MB | 131/157 kB | 20/338 kB
Progress (5): 1.1/1.6 MB | 0.7/1.9 MB | 0.4/1.8 MB | 131/157 kB | 20/338 kB
Progress (5): 1.1/1.6 MB | 0.7/1.9 MB | 0.4/1.8 MB | 131/157 kB | 20/338 kB
Progress (5): 1.1/1.6 MB | 0.7/1.9 MB | 0.4/1.8 MB | 131/157 kB | 37/338 kB
Progress (5): 1.1/1.6 MB | 0.7/1.9 MB | 0.4/1.8 MB | 131/157 kB | 53/338 kB
Progress (5): 1.1/1.6 MB | 0.7/1.9 MB | 0.4/1.8 MB | 147/157 kB | 53/338 kB
Progress (5): 1.1/1.6 MB | 0.7/1.9 MB | 0.4/1.8 MB | 157 kB | 53/338 kB    
                                                                       
Downloaded from central: https://repo.maven.apache.org/maven2/org/tomlj/tomlj/1.0.0/tomlj-1.0.0.jar (157 kB at 32 kB/s)
Downloading from central: https://repo.maven.apache.org/maven2/com/google/code/findbugs/jsr305/3.0.2/jsr305-3.0.2.jar
Progress (4): 1.1/1.6 MB | 0.7/1.9 MB | 0.5/1.8 MB | 53/338 kB
Progress (4): 1.1/1.6 MB | 0.7/1.9 MB | 0.5/1.8 MB | 53/338 kB
Progress (4): 1.1/1.6 MB | 0.7/1.9 MB | 0.5/1.8 MB | 53/338 kB
Progress (4): 1.1/1.6 MB | 0.7/1.9 MB | 0.5/1.8 MB | 53/338 kB
Progress (4): 1.1/1.6 MB | 0.7/1.9 MB | 0.5/1.8 MB | 70/338 kB
Progress (4): 1.1/1.6 MB | 0.7/1.9 MB | 0.5/1.8 MB | 70/338 kB
Progress (4): 1.1/1.6 MB | 0.7/1.9 MB | 0.5/1.8 MB | 70/338 kB
Progress (4): 1.1/1.6 MB | 0.7/1.9 MB | 0.5/1.8 MB | 70/338 kB
Progress (5): 1.1/1.6 MB | 0.7/1.9 MB | 0.5/1.8 MB | 70/338 kB | 7.7/20 kB
Progress (5): 1.1/1.6 MB | 0.7/1.9 MB | 0.5/1.8 MB | 70/338 kB | 16/20 kB 
Progress (5): 1.1/1.6 MB | 0.7/1.9 MB | 0.5/1.8 MB | 70/338 kB | 16/20 kB
Progress (5): 1.1/1.6 MB | 0.7/1.9 MB | 0.5/1.8 MB | 70/338 kB | 20 kB   
Progress (5): 1.1/1.6 MB | 0.7/1.9 MB | 0.5/1.8 MB | 86/338 kB | 20 kB
                                                                      
Downloaded from central: https://repo.maven.apache.org/maven2/com/google/code/findbugs/jsr305/3.0.2/jsr305-3.0.2.jar (20 kB at 3.9 kB/s)
Downloading from central: https://repo.maven.apache.org/maven2/org/springframework/boot/spring-boot-loader-tools/3.2.2/spring-boot-loader-tools-3.2.2.jar
Progress (4): 1.1/1.6 MB | 0.7/1.9 MB | 0.5/1.8 MB | 86/338 kB
Progress (4): 1.1/1.6 MB | 0.7/1.9 MB | 0.5/1.8 MB | 86/338 kB
Progress (4): 1.1/1.6 MB | 0.7/1.9 MB | 0.5/1.8 MB | 102/338 kB
Progress (4): 1.1/1.6 MB | 0.7/1.9 MB | 0.5/1.8 MB | 102/338 kB
Progress (4): 1.1/1.6 MB | 0.7/1.9 MB | 0.5/1.8 MB | 102/338 kB
Progress (5): 1.1/1.6 MB | 0.7/1.9 MB | 0.5/1.8 MB | 102/338 kB | 7.7/434 kB
Progress (5): 1.1/1.6 MB | 0.7/1.9 MB | 0.5/1.8 MB | 102/338 kB | 16/434 kB 
Progress (5): 1.1/1.6 MB | 0.7/1.9 MB | 0.5/1.8 MB | 102/338 kB | 32/434 kB
Progress (5): 1.1/1.6 MB | 0.7/1.9 MB | 0.6/1.8 MB | 102/338 kB | 32/434 kB
Progress (5): 1.1/1.6 MB | 0.7/1.9 MB | 0.6/1.8 MB | 102/338 kB | 49/434 kB
Progress (5): 1.1/1.6 MB | 0.7/1.9 MB | 0.6/1.8 MB | 102/338 kB | 65/434 kB
Progress (5): 1.1/1.6 MB | 0.7/1.9 MB | 0.6/1.8 MB | 102/338 kB | 65/434 kB
Progress (5): 1.1/1.6 MB | 0.7/1.9 MB | 0.6/1.8 MB | 119/338 kB | 65/434 kB
Progress (5): 1.1/1.6 MB | 0.7/1.9 MB | 0.6/1.8 MB | 119/338 kB | 81/434 kB
Progress (5): 1.2/1.6 MB | 0.7/1.9 MB | 0.6/1.8 MB | 119/338 kB | 81/434 kB
Progress (5): 1.2/1.6 MB | 0.7/1.9 MB | 0.6/1.8 MB | 119/338 kB | 98/434 kB
Progress (5): 1.2/1.6 MB | 0.7/1.9 MB | 0.6/1.8 MB | 119/338 kB | 114/434 kB
Progress (5): 1.2/1.6 MB | 0.7/1.9 MB | 0.6/1.8 MB | 119/338 kB | 114/434 kB
Progress (5): 1.2/1.6 MB | 0.7/1.9 MB | 0.6/1.8 MB | 119/338 kB | 114/434 kB
Progress (5): 1.2/1.6 MB | 0.7/1.9 MB | 0.6/1.8 MB | 119/338 kB | 131/434 kB
Progress (5): 1.2/1.6 MB | 0.7/1.9 MB | 0.6/1.8 MB | 119/338 kB | 147/434 kB
Progress (5): 1.2/1.6 MB | 0.7/1.9 MB | 0.6/1.8 MB | 119/338 kB | 163/434 kB
Progress (5): 1.2/1.6 MB | 0.7/1.9 MB | 0.6/1.8 MB | 119/338 kB | 163/434 kB
Progress (5): 1.2/1.6 MB | 0.7/1.9 MB | 0.6/1.8 MB | 119/338 kB | 163/434 kB
Progress (5): 1.2/1.6 MB | 0.7/1.9 MB | 0.6/1.8 MB | 119/338 kB | 163/434 kB
Progress (5): 1.2/1.6 MB | 0.7/1.9 MB | 0.6/1.8 MB | 119/338 kB | 163/434 kB
Progress (5): 1.2/1.6 MB | 0.7/1.9 MB | 0.6/1.8 MB | 119/338 kB | 163/434 kB
Progress (5): 1.2/1.6 MB | 0.7/1.9 MB | 0.6/1.8 MB | 119/338 kB | 163/434 kB
Progress (5): 1.2/1.6 MB | 0.7/1.9 MB | 0.6/1.8 MB | 119/338 kB | 180/434 kB
Progress (5): 1.2/1.6 MB | 0.7/1.9 MB | 0.6/1.8 MB | 119/338 kB | 196/434 kB
Progress (5): 1.2/1.6 MB | 0.7/1.9 MB | 0.6/1.8 MB | 119/338 kB | 213/434 kB
Progress (5): 1.2/1.6 MB | 0.7/1.9 MB | 0.7/1.8 MB | 119/338 kB | 213/434 kB
Progress (5): 1.2/1.6 MB | 0.7/1.9 MB | 0.7/1.8 MB | 135/338 kB | 213/434 kB
Progress (5): 1.2/1.6 MB | 0.7/1.9 MB | 0.7/1.8 MB | 152/338 kB | 213/434 kB
Progress (5): 1.2/1.6 MB | 0.7/1.9 MB | 0.7/1.8 MB | 168/338 kB | 213/434 kB
Progress (5): 1.2/1.6 MB | 0.7/1.9 MB | 0.7/1.8 MB | 168/338 kB | 213/434 kB
Progress (5): 1.2/1.6 MB | 0.8/1.9 MB | 0.7/1.8 MB | 168/338 kB | 213/434 kB
Progress (5): 1.2/1.6 MB | 0.8/1.9 MB | 0.7/1.8 MB | 168/338 kB | 213/434 kB
Progress (5): 1.2/1.6 MB | 0.8/1.9 MB | 0.7/1.8 MB | 168/338 kB | 213/434 kB
Progress (5): 1.2/1.6 MB | 0.8/1.9 MB | 0.7/1.8 MB | 168/338 kB | 229/434 kB
Progress (5): 1.2/1.6 MB | 0.8/1.9 MB | 0.7/1.8 MB | 168/338 kB | 245/434 kB
Progress (5): 1.2/1.6 MB | 0.8/1.9 MB | 0.7/1.8 MB | 168/338 kB | 262/434 kB
Progress (5): 1.2/1.6 MB | 0.8/1.9 MB | 0.7/1.8 MB | 168/338 kB | 262/434 kB
Progress (5): 1.2/1.6 MB | 0.8/1.9 MB | 0.7/1.8 MB | 168/338 kB | 278/434 kB
Progress (5): 1.2/1.6 MB | 0.8/1.9 MB | 0.7/1.8 MB | 168/338 kB | 294/434 kB
Progress (5): 1.2/1.6 MB | 0.8/1.9 MB | 0.7/1.8 MB | 168/338 kB | 311/434 kB
Progress (5): 1.2/1.6 MB | 0.8/1.9 MB | 0.7/1.8 MB | 168/338 kB | 327/434 kB
Progress (5): 1.2/1.6 MB | 0.8/1.9 MB | 0.7/1.8 MB | 168/338 kB | 327/434 kB
Progress (5): 1.2/1.6 MB | 0.8/1.9 MB | 0.7/1.8 MB | 168/338 kB | 327/434 kB
Progress (5): 1.2/1.6 MB | 0.8/1.9 MB | 0.7/1.8 MB | 168/338 kB | 344/434 kB
Progress (5): 1.2/1.6 MB | 0.8/1.9 MB | 0.7/1.8 MB | 168/338 kB | 344/434 kB
Progress (5): 1.2/1.6 MB | 0.8/1.9 MB | 0.7/1.8 MB | 184/338 kB | 344/434 kB
Progress (5): 1.2/1.6 MB | 0.8/1.9 MB | 0.7/1.8 MB | 184/338 kB | 360/434 kB
Progress (5): 1.2/1.6 MB | 0.8/1.9 MB | 0.7/1.8 MB | 184/338 kB | 360/434 kB
Progress (5): 1.2/1.6 MB | 0.8/1.9 MB | 0.8/1.8 MB | 184/338 kB | 360/434 kB
Progress (5): 1.2/1.6 MB | 0.8/1.9 MB | 0.8/1.8 MB | 184/338 kB | 376/434 kB
Progress (5): 1.2/1.6 MB | 0.8/1.9 MB | 0.8/1.8 MB | 184/338 kB | 393/434 kB
Progress (5): 1.2/1.6 MB | 0.8/1.9 MB | 0.8/1.8 MB | 184/338 kB | 409/434 kB
Progress (5): 1.2/1.6 MB | 0.8/1.9 MB | 0.8/1.8 MB | 184/338 kB | 426/434 kB
Progress (5): 1.2/1.6 MB | 0.8/1.9 MB | 0.8/1.8 MB | 184/338 kB | 434 kB    
                                                                        
Downloaded from central: https://repo.maven.apache.org/maven2/org/springframework/boot/spring-boot-loader-tools/3.2.2/spring-boot-loader-tools-3.2.2.jar (434 kB at 72 kB/s)
Downloading from central: https://repo.maven.apache.org/maven2/org/apache/maven/shared/maven-common-artifact-filters/3.3.2/maven-common-artifact-filters-3.3.2.jar
Progress (4): 1.2/1.6 MB | 0.8/1.9 MB | 0.8/1.8 MB | 201/338 kB
Progress (4): 1.2/1.6 MB | 0.8/1.9 MB | 0.8/1.8 MB | 201/338 kB
Progress (4): 1.2/1.6 MB | 0.8/1.9 MB | 0.8/1.8 MB | 201/338 kB
Progress (4): 1.2/1.6 MB | 0.8/1.9 MB | 0.8/1.8 MB | 201/338 kB
Progress (4): 1.2/1.6 MB | 0.8/1.9 MB | 0.8/1.8 MB | 201/338 kB
Progress (4): 1.2/1.6 MB | 0.8/1.9 MB | 0.8/1.8 MB | 201/338 kB
Progress (4): 1.3/1.6 MB | 0.8/1.9 MB | 0.8/1.8 MB | 201/338 kB
Progress (4): 1.3/1.6 MB | 0.8/1.9 MB | 0.8/1.8 MB | 201/338 kB
Progress (4): 1.3/1.6 MB | 0.8/1.9 MB | 0.8/1.8 MB | 201/338 kB
Progress (4): 1.3/1.6 MB | 0.8/1.9 MB | 0.8/1.8 MB | 217/338 kB
Progress (4): 1.3/1.6 MB | 0.8/1.9 MB | 0.8/1.8 MB | 217/338 kB
Progress (4): 1.3/1.6 MB | 0.8/1.9 MB | 0.8/1.8 MB | 233/338 kB
Progress (4): 1.3/1.6 MB | 0.8/1.9 MB | 0.8/1.8 MB | 233/338 kB
Progress (5): 1.3/1.6 MB | 0.8/1.9 MB | 0.8/1.8 MB | 233/338 kB | 7.5/58 kB
Progress (5): 1.3/1.6 MB | 0.8/1.9 MB | 0.8/1.8 MB | 233/338 kB | 24/58 kB 
Progress (5): 1.3/1.6 MB | 0.8/1.9 MB | 0.8/1.8 MB | 233/338 kB | 24/58 kB
Progress (5): 1.3/1.6 MB | 0.8/1.9 MB | 0.9/1.8 MB | 233/338 kB | 24/58 kB
Progress (5): 1.3/1.6 MB | 0.8/1.9 MB | 0.9/1.8 MB | 233/338 kB | 24/58 kB
Progress (5): 1.3/1.6 MB | 0.8/1.9 MB | 0.9/1.8 MB | 233/338 kB | 24/58 kB
Progress (5): 1.3/1.6 MB | 0.8/1.9 MB | 0.9/1.8 MB | 233/338 kB | 24/58 kB
Progress (5): 1.3/1.6 MB | 0.8/1.9 MB | 0.9/1.8 MB | 233/338 kB | 40/58 kB
Progress (5): 1.3/1.6 MB | 0.8/1.9 MB | 0.9/1.8 MB | 233/338 kB | 57/58 kB
Progress (5): 1.3/1.6 MB | 0.8/1.9 MB | 0.9/1.8 MB | 233/338 kB | 58 kB   
                                                                       
Downloaded from central: https://repo.maven.apache.org/maven2/org/apache/maven/shared/maven-common-artifact-filters/3.3.2/maven-common-artifact-filters-3.3.2.jar (58 kB at 9.3 kB/s)
Progress (4): 1.3/1.6 MB | 0.8/1.9 MB | 0.9/1.8 MB | 250/338 kB
                                                               
Downloading from central: https://repo.maven.apache.org/maven2/org/codehaus/plexus/plexus-utils/1.5.8/plexus-utils-1.5.8.jar
Progress (4): 1.3/1.6 MB | 0.8/1.9 MB | 0.9/1.8 MB | 250/338 kB
Progress (4): 1.3/1.6 MB | 0.8/1.9 MB | 0.9/1.8 MB | 250/338 kB
Progress (4): 1.3/1.6 MB | 0.8/1.9 MB | 0.9/1.8 MB | 250/338 kB
Progress (4): 1.3/1.6 MB | 0.8/1.9 MB | 0.9/1.8 MB | 250/338 kB
Progress (4): 1.3/1.6 MB | 0.8/1.9 MB | 0.9/1.8 MB | 266/338 kB
Progress (4): 1.3/1.6 MB | 0.8/1.9 MB | 0.9/1.8 MB | 266/338 kB
Progress (4): 1.3/1.6 MB | 0.8/1.9 MB | 0.9/1.8 MB | 283/338 kB
Progress (4): 1.3/1.6 MB | 0.8/1.9 MB | 0.9/1.8 MB | 283/338 kB
Progress (4): 1.3/1.6 MB | 0.8/1.9 MB | 0.9/1.8 MB | 283/338 kB
Progress (5): 1.3/1.6 MB | 0.8/1.9 MB | 0.9/1.8 MB | 283/338 kB | 7.7/268 kB
Progress (5): 1.3/1.6 MB | 0.8/1.9 MB | 0.9/1.8 MB | 283/338 kB | 16/268 kB 
Progress (5): 1.3/1.6 MB | 0.8/1.9 MB | 0.9/1.8 MB | 299/338 kB | 16/268 kB
Progress (5): 1.3/1.6 MB | 0.8/1.9 MB | 0.9/1.8 MB | 315/338 kB | 16/268 kB
Progress (5): 1.3/1.6 MB | 0.9/1.9 MB | 0.9/1.8 MB | 315/338 kB | 16/268 kB
Progress (5): 1.3/1.6 MB | 0.9/1.9 MB | 0.9/1.8 MB | 315/338 kB | 16/268 kB
Progress (5): 1.3/1.6 MB | 0.9/1.9 MB | 0.9/1.8 MB | 315/338 kB | 16/268 kB
Progress (5): 1.3/1.6 MB | 0.9/1.9 MB | 0.9/1.8 MB | 315/338 kB | 16/268 kB
Progress (5): 1.3/1.6 MB | 0.9/1.9 MB | 1.0/1.8 MB | 315/338 kB | 16/268 kB
Progress (5): 1.3/1.6 MB | 0.9/1.9 MB | 1.0/1.8 MB | 315/338 kB | 16/268 kB
Progress (5): 1.3/1.6 MB | 0.9/1.9 MB | 1.0/1.8 MB | 315/338 kB | 32/268 kB
Progress (5): 1.3/1.6 MB | 0.9/1.9 MB | 1.0/1.8 MB | 315/338 kB | 32/268 kB
Progress (5): 1.3/1.6 MB | 0.9/1.9 MB | 1.0/1.8 MB | 315/338 kB | 49/268 kB
Progress (5): 1.3/1.6 MB | 0.9/1.9 MB | 1.0/1.8 MB | 315/338 kB | 65/268 kB
Progress (5): 1.3/1.6 MB | 0.9/1.9 MB | 1.0/1.8 MB | 315/338 kB | 81/268 kB
Progress (5): 1.3/1.6 MB | 0.9/1.9 MB | 1.0/1.8 MB | 315/338 kB | 98/268 kB
Progress (5): 1.3/1.6 MB | 0.9/1.9 MB | 1.0/1.8 MB | 315/338 kB | 98/268 kB
Progress (5): 1.3/1.6 MB | 0.9/1.9 MB | 1.0/1.8 MB | 315/338 kB | 98/268 kB
Progress (5): 1.3/1.6 MB | 0.9/1.9 MB | 1.0/1.8 MB | 332/338 kB | 98/268 kB
Progress (5): 1.3/1.6 MB | 0.9/1.9 MB | 1.0/1.8 MB | 332/338 kB | 114/268 kB
Progress (5): 1.3/1.6 MB | 0.9/1.9 MB | 1.0/1.8 MB | 332/338 kB | 131/268 kB
Progress (5): 1.4/1.6 MB | 0.9/1.9 MB | 1.0/1.8 MB | 332/338 kB | 131/268 kB
Progress (5): 1.4/1.6 MB | 0.9/1.9 MB | 1.0/1.8 MB | 332/338 kB | 131/268 kB
Progress (5): 1.4/1.6 MB | 0.9/1.9 MB | 1.0/1.8 MB | 338 kB | 131/268 kB    
                                                                        
Downloaded from central: https://repo.maven.apache.org/maven2/org/antlr/antlr4-runtime/4.7.2/antlr4-runtime-4.7.2.jar (338 kB at 50 kB/s)
Downloading from central: https://repo.maven.apache.org/maven2/org/apache/maven/plugins/maven-shade-plugin/3.5.0/maven-shade-plugin-3.5.0.jar
Progress (4): 1.4/1.6 MB | 0.9/1.9 MB | 1.0/1.8 MB | 131/268 kB
Progress (4): 1.4/1.6 MB | 0.9/1.9 MB | 1.0/1.8 MB | 147/268 kB
Progress (4): 1.4/1.6 MB | 0.9/1.9 MB | 1.0/1.8 MB | 163/268 kB
Progress (4): 1.4/1.6 MB | 0.9/1.9 MB | 1.0/1.8 MB | 163/268 kB
Progress (4): 1.4/1.6 MB | 0.9/1.9 MB | 1.1/1.8 MB | 163/268 kB
Progress (4): 1.4/1.6 MB | 0.9/1.9 MB | 1.1/1.8 MB | 180/268 kB
Progress (4): 1.4/1.6 MB | 0.9/1.9 MB | 1.1/1.8 MB | 196/268 kB
Progress (4): 1.4/1.6 MB | 0.9/1.9 MB | 1.1/1.8 MB | 196/268 kB
Progress (4): 1.4/1.6 MB | 0.9/1.9 MB | 1.1/1.8 MB | 196/268 kB
Progress (4): 1.4/1.6 MB | 0.9/1.9 MB | 1.1/1.8 MB | 196/268 kB
Progress (4): 1.4/1.6 MB | 0.9/1.9 MB | 1.1/1.8 MB | 196/268 kB
Progress (4): 1.4/1.6 MB | 0.9/1.9 MB | 1.1/1.8 MB | 213/268 kB
Progress (4): 1.4/1.6 MB | 0.9/1.9 MB | 1.1/1.8 MB | 229/268 kB
Progress (5): 1.4/1.6 MB | 0.9/1.9 MB | 1.1/1.8 MB | 229/268 kB | 7.7/147 kB
Progress (5): 1.4/1.6 MB | 0.9/1.9 MB | 1.1/1.8 MB | 229/268 kB | 8.2/147 kB
Progress (5): 1.4/1.6 MB | 0.9/1.9 MB | 1.1/1.8 MB | 229/268 kB | 8.2/147 kB
Progress (5): 1.4/1.6 MB | 0.9/1.9 MB | 1.1/1.8 MB | 229/268 kB | 8.2/147 kB
Progress (5): 1.4/1.6 MB | 0.9/1.9 MB | 1.1/1.8 MB | 245/268 kB | 8.2/147 kB
Progress (5): 1.4/1.6 MB | 0.9/1.9 MB | 1.1/1.8 MB | 245/268 kB | 8.2/147 kB
Progress (5): 1.4/1.6 MB | 0.9/1.9 MB | 1.1/1.8 MB | 262/268 kB | 8.2/147 kB
Progress (5): 1.4/1.6 MB | 0.9/1.9 MB | 1.1/1.8 MB | 262/268 kB | 8.2/147 kB
Progress (5): 1.4/1.6 MB | 0.9/1.9 MB | 1.1/1.8 MB | 268 kB | 8.2/147 kB    
Progress (5): 1.4/1.6 MB | 0.9/1.9 MB | 1.1/1.8 MB | 268 kB | 8.2/147 kB
                                                                        
Downloaded from central: https://repo.maven.apache.org/maven2/org/codehaus/plexus/plexus-utils/1.5.8/plexus-utils-1.5.8.jar (268 kB at 39 kB/s)
Downloading from central: https://repo.maven.apache.org/maven2/org/ow2/asm/asm/9.5/asm-9.5.jar
Progress (4): 1.4/1.6 MB | 0.9/1.9 MB | 1.1/1.8 MB | 25/147 kB
Progress (4): 1.4/1.6 MB | 0.9/1.9 MB | 1.1/1.8 MB | 25/147 kB
Progress (4): 1.4/1.6 MB | 0.9/1.9 MB | 1.2/1.8 MB | 25/147 kB
Progress (4): 1.4/1.6 MB | 0.9/1.9 MB | 1.2/1.8 MB | 41/147 kB
Progress (4): 1.4/1.6 MB | 0.9/1.9 MB | 1.2/1.8 MB | 41/147 kB
Progress (5): 1.4/1.6 MB | 0.9/1.9 MB | 1.2/1.8 MB | 41/147 kB | 4.1/122 kB
Progress (5): 1.5/1.6 MB | 0.9/1.9 MB | 1.2/1.8 MB | 41/147 kB | 4.1/122 kB
Progress (5): 1.5/1.6 MB | 0.9/1.9 MB | 1.2/1.8 MB | 41/147 kB | 20/122 kB 
Progress (5): 1.5/1.6 MB | 0.9/1.9 MB | 1.2/1.8 MB | 41/147 kB | 20/122 kB
Progress (5): 1.5/1.6 MB | 0.9/1.9 MB | 1.2/1.8 MB | 57/147 kB | 20/122 kB
Progress (5): 1.5/1.6 MB | 0.9/1.9 MB | 1.2/1.8 MB | 57/147 kB | 20/122 kB
Progress (5): 1.5/1.6 MB | 0.9/1.9 MB | 1.2/1.8 MB | 57/147 kB | 20/122 kB
Progress (5): 1.5/1.6 MB | 0.9/1.9 MB | 1.2/1.8 MB | 57/147 kB | 20/122 kB
Progress (5): 1.5/1.6 MB | 0.9/1.9 MB | 1.2/1.8 MB | 57/147 kB | 37/122 kB
Progress (5): 1.5/1.6 MB | 0.9/1.9 MB | 1.2/1.8 MB | 57/147 kB | 53/122 kB
Progress (5): 1.5/1.6 MB | 0.9/1.9 MB | 1.2/1.8 MB | 57/147 kB | 70/122 kB
Progress (5): 1.5/1.6 MB | 0.9/1.9 MB | 1.2/1.8 MB | 74/147 kB | 70/122 kB
Progress (5): 1.5/1.6 MB | 0.9/1.9 MB | 1.2/1.8 MB | 74/147 kB | 70/122 kB
Progress (5): 1.5/1.6 MB | 0.9/1.9 MB | 1.2/1.8 MB | 90/147 kB | 70/122 kB
Progress (5): 1.5/1.6 MB | 0.9/1.9 MB | 1.2/1.8 MB | 90/147 kB | 86/122 kB
Progress (5): 1.5/1.6 MB | 0.9/1.9 MB | 1.2/1.8 MB | 90/147 kB | 102/122 kB
Progress (5): 1.5/1.6 MB | 0.9/1.9 MB | 1.2/1.8 MB | 90/147 kB | 102/122 kB
Progress (5): 1.5/1.6 MB | 0.9/1.9 MB | 1.2/1.8 MB | 90/147 kB | 102/122 kB
Progress (5): 1.5/1.6 MB | 0.9/1.9 MB | 1.3/1.8 MB | 90/147 kB | 102/122 kB
Progress (5): 1.5/1.6 MB | 0.9/1.9 MB | 1.3/1.8 MB | 90/147 kB | 102/122 kB
Progress (5): 1.5/1.6 MB | 0.9/1.9 MB | 1.3/1.8 MB | 90/147 kB | 102/122 kB
Progress (5): 1.5/1.6 MB | 0.9/1.9 MB | 1.3/1.8 MB | 90/147 kB | 102/122 kB
Progress (5): 1.5/1.6 MB | 0.9/1.9 MB | 1.3/1.8 MB | 90/147 kB | 102/122 kB
Progress (5): 1.5/1.6 MB | 0.9/1.9 MB | 1.3/1.8 MB | 90/147 kB | 119/122 kB
Progress (5): 1.5/1.6 MB | 0.9/1.9 MB | 1.3/1.8 MB | 90/147 kB | 122 kB    
                                                                       
Downloaded from central: https://repo.maven.apache.org/maven2/org/ow2/asm/asm/9.5/asm-9.5.jar (122 kB at 17 kB/s)
Downloading from central: https://repo.maven.apache.org/maven2/org/ow2/asm/asm-commons/9.5/asm-commons-9.5.jar
Progress (4): 1.5/1.6 MB | 0.9/1.9 MB | 1.3/1.8 MB | 90/147 kB
Progress (4): 1.5/1.6 MB | 0.9/1.9 MB | 1.3/1.8 MB | 106/147 kB
Progress (4): 1.5/1.6 MB | 0.9/1.9 MB | 1.3/1.8 MB | 123/147 kB
Progress (4): 1.5/1.6 MB | 1.0/1.9 MB | 1.3/1.8 MB | 123/147 kB
Progress (4): 1.5/1.6 MB | 1.0/1.9 MB | 1.3/1.8 MB | 123/147 kB
Progress (4): 1.5/1.6 MB | 1.0/1.9 MB | 1.3/1.8 MB | 139/147 kB
Progress (4): 1.5/1.6 MB | 1.0/1.9 MB | 1.3/1.8 MB | 139/147 kB
Progress (4): 1.5/1.6 MB | 1.0/1.9 MB | 1.3/1.8 MB | 147 kB    
                                                           
Downloaded from central: https://repo.maven.apache.org/maven2/org/apache/maven/plugins/maven-shade-plugin/3.5.0/maven-shade-plugin-3.5.0.jar (147 kB at 20 kB/s)
Downloading from central: https://repo.maven.apache.org/maven2/org/ow2/asm/asm-tree/9.5/asm-tree-9.5.jar
Progress (3): 1.5/1.6 MB | 1.0/1.9 MB | 1.3/1.8 MB
Progress (4): 1.5/1.6 MB | 1.0/1.9 MB | 1.3/1.8 MB | 7.5/72 kB
Progress (4): 1.5/1.6 MB | 1.0/1.9 MB | 1.4/1.8 MB | 7.5/72 kB
Progress (4): 1.5/1.6 MB | 1.0/1.9 MB | 1.4/1.8 MB | 24/72 kB 
Progress (4): 1.5/1.6 MB | 1.0/1.9 MB | 1.4/1.8 MB | 24/72 kB
Progress (4): 1.5/1.6 MB | 1.0/1.9 MB | 1.4/1.8 MB | 24/72 kB
Progress (4): 1.5/1.6 MB | 1.0/1.9 MB | 1.4/1.8 MB | 40/72 kB
Progress (4): 1.5/1.6 MB | 1.0/1.9 MB | 1.4/1.8 MB | 40/72 kB
Progress (5): 1.5/1.6 MB | 1.0/1.9 MB | 1.4/1.8 MB | 40/72 kB | 7.7/52 kB
Progress (5): 1.5/1.6 MB | 1.0/1.9 MB | 1.4/1.8 MB | 57/72 kB | 7.7/52 kB
Progress (5): 1.5/1.6 MB | 1.0/1.9 MB | 1.4/1.8 MB | 57/72 kB | 16/52 kB 
Progress (5): 1.5/1.6 MB | 1.0/1.9 MB | 1.4/1.8 MB | 72 kB | 16/52 kB   
                                                                     
Downloaded from central: https://repo.maven.apache.org/maven2/org/ow2/asm/asm-commons/9.5/asm-commons-9.5.jar (72 kB at 9.6 kB/s)
Downloading from central: https://repo.maven.apache.org/maven2/org/jdom/jdom2/2.0.6.1/jdom2-2.0.6.1.jar
Progress (4): 1.5/1.6 MB | 1.0/1.9 MB | 1.4/1.8 MB | 16/52 kB
Progress (4): 1.6/1.6 MB | 1.0/1.9 MB | 1.4/1.8 MB | 16/52 kB
Progress (4): 1.6/1.6 MB | 1.0/1.9 MB | 1.4/1.8 MB | 32/52 kB
Progress (5): 1.6/1.6 MB | 1.0/1.9 MB | 1.4/1.8 MB | 32/52 kB | 7.7/328 kB
Progress (5): 1.6/1.6 MB | 1.0/1.9 MB | 1.4/1.8 MB | 32/52 kB | 8.2/328 kB
Progress (5): 1.6/1.6 MB | 1.0/1.9 MB | 1.4/1.8 MB | 32/52 kB | 8.2/328 kB
Progress (5): 1.6/1.6 MB | 1.0/1.9 MB | 1.4/1.8 MB | 32/52 kB | 8.2/328 kB
Progress (5): 1.6/1.6 MB | 1.0/1.9 MB | 1.4/1.8 MB | 32/52 kB | 8.2/328 kB
Progress (5): 1.6/1.6 MB | 1.0/1.9 MB | 1.4/1.8 MB | 32/52 kB | 8.2/328 kB
Progress (5): 1.6/1.6 MB | 1.0/1.9 MB | 1.4/1.8 MB | 32/52 kB | 25/328 kB 
Progress (5): 1.6/1.6 MB | 1.0/1.9 MB | 1.4/1.8 MB | 32/52 kB | 41/328 kB
Progress (5): 1.6/1.6 MB | 1.0/1.9 MB | 1.4/1.8 MB | 32/52 kB | 41/328 kB
Progress (5): 1.6/1.6 MB | 1.0/1.9 MB | 1.5/1.8 MB | 32/52 kB | 41/328 kB
Progress (5): 1.6/1.6 MB | 1.0/1.9 MB | 1.5/1.8 MB | 32/52 kB | 57/328 kB
Progress (5): 1.6/1.6 MB | 1.0/1.9 MB | 1.5/1.8 MB | 32/52 kB | 57/328 kB
Progress (5): 1.6/1.6 MB | 1.0/1.9 MB | 1.5/1.8 MB | 32/52 kB | 57/328 kB
Progress (5): 1.6/1.6 MB | 1.0/1.9 MB | 1.5/1.8 MB | 32/52 kB | 57/328 kB
Progress (5): 1.6/1.6 MB | 1.0/1.9 MB | 1.5/1.8 MB | 32/52 kB | 57/328 kB
Progress (5): 1.6/1.6 MB | 1.0/1.9 MB | 1.5/1.8 MB | 32/52 kB | 74/328 kB
Progress (5): 1.6/1.6 MB | 1.0/1.9 MB | 1.5/1.8 MB | 32/52 kB | 90/328 kB
Progress (5): 1.6/1.6 MB | 1.0/1.9 MB | 1.5/1.8 MB | 32/52 kB | 90/328 kB
Progress (5): 1.6/1.6 MB | 1.0/1.9 MB | 1.5/1.8 MB | 32/52 kB | 90/328 kB
Progress (5): 1.6/1.6 MB | 1.0/1.9 MB | 1.5/1.8 MB | 32/52 kB | 106/328 kB
Progress (5): 1.6/1.6 MB | 1.0/1.9 MB | 1.5/1.8 MB | 32/52 kB | 123/328 kB
Progress (5): 1.6/1.6 MB | 1.0/1.9 MB | 1.5/1.8 MB | 32/52 kB | 123/328 kB
Progress (5): 1.6/1.6 MB | 1.0/1.9 MB | 1.5/1.8 MB | 49/52 kB | 123/328 kB
Progress (5): 1.6/1.6 MB | 1.0/1.9 MB | 1.5/1.8 MB | 52 kB | 123/328 kB   
                                                                       
Downloaded from central: https://repo.maven.apache.org/maven2/org/ow2/asm/asm-tree/9.5/asm-tree-9.5.jar (52 kB at 6.5 kB/s)
Downloading from central: https://repo.maven.apache.org/maven2/org/apache/maven/shared/maven-dependency-tree/3.2.1/maven-dependency-tree-3.2.1.jar
Progress (4): 1.6/1.6 MB | 1.0/1.9 MB | 1.5/1.8 MB | 123/328 kB
Progress (4): 1.6/1.6 MB | 1.0/1.9 MB | 1.5/1.8 MB | 139/328 kB
Progress (4): 1.6/1.6 MB | 1.0/1.9 MB | 1.5/1.8 MB | 156/328 kB
Progress (4): 1.6/1.6 MB | 1.0/1.9 MB | 1.5/1.8 MB | 172/328 kB
Progress (4): 1.6/1.6 MB | 1.0/1.9 MB | 1.5/1.8 MB | 172/328 kB
Progress (4): 1.6/1.6 MB | 1.0/1.9 MB | 1.5/1.8 MB | 172/328 kB
Progress (4): 1.6 MB | 1.0/1.9 MB | 1.5/1.8 MB | 172/328 kB    
                                                           
Downloaded from central: https://repo.maven.apache.org/maven2/com/fasterxml/jackson/core/jackson-databind/2.14.2/jackson-databind-2.14.2.jar (1.6 MB at 200 kB/s)
Downloading from central: https://repo.maven.apache.org/maven2/commons-io/commons-io/2.13.0/commons-io-2.13.0.jar
Progress (3): 1.0/1.9 MB | 1.6/1.8 MB | 172/328 kB
Progress (3): 1.0/1.9 MB | 1.6/1.8 MB | 172/328 kB
Progress (3): 1.0/1.9 MB | 1.6/1.8 MB | 172/328 kB
Progress (3): 1.0/1.9 MB | 1.6/1.8 MB | 172/328 kB
Progress (3): 1.0/1.9 MB | 1.6/1.8 MB | 188/328 kB
Progress (3): 1.0/1.9 MB | 1.6/1.8 MB | 205/328 kB
Progress (3): 1.0/1.9 MB | 1.6/1.8 MB | 221/328 kB
Progress (3): 1.0/1.9 MB | 1.6/1.8 MB | 221/328 kB
Progress (3): 1.0/1.9 MB | 1.6/1.8 MB | 221/328 kB
Progress (3): 1.0/1.9 MB | 1.7/1.8 MB | 221/328 kB
Progress (3): 1.0/1.9 MB | 1.7/1.8 MB | 221/328 kB
Progress (3): 1.1/1.9 MB | 1.7/1.8 MB | 221/328 kB
Progress (3): 1.1/1.9 MB | 1.7/1.8 MB | 221/328 kB
Progress (4): 1.1/1.9 MB | 1.7/1.8 MB | 221/328 kB | 7.7/484 kB
Progress (4): 1.1/1.9 MB | 1.7/1.8 MB | 221/328 kB | 16/484 kB 
Progress (4): 1.1/1.9 MB | 1.7/1.8 MB | 221/328 kB | 16/484 kB
Progress (4): 1.1/1.9 MB | 1.7/1.8 MB | 238/328 kB | 16/484 kB
Progress (5): 1.1/1.9 MB | 1.7/1.8 MB | 238/328 kB | 16/484 kB | 7.7/43 kB
Progress (5): 1.1/1.9 MB | 1.7/1.8 MB | 238/328 kB | 16/484 kB | 12/43 kB 
Progress (5): 1.1/1.9 MB | 1.7/1.8 MB | 254/328 kB | 16/484 kB | 12/43 kB
Progress (5): 1.1/1.9 MB | 1.7/1.8 MB | 270/328 kB | 16/484 kB | 12/43 kB
Progress (5): 1.1/1.9 MB | 1.7/1.8 MB | 270/328 kB | 16/484 kB | 12/43 kB
Progress (5): 1.1/1.9 MB | 1.7/1.8 MB | 287/328 kB | 16/484 kB | 12/43 kB
Progress (5): 1.1/1.9 MB | 1.7/1.8 MB | 287/328 kB | 16/484 kB | 28/43 kB
Progress (5): 1.1/1.9 MB | 1.7/1.8 MB | 287/328 kB | 16/484 kB | 28/43 kB
Progress (5): 1.1/1.9 MB | 1.7/1.8 MB | 287/328 kB | 16/484 kB | 28/43 kB
Progress (5): 1.1/1.9 MB | 1.7/1.8 MB | 303/328 kB | 16/484 kB | 28/43 kB
Progress (5): 1.1/1.9 MB | 1.7/1.8 MB | 319/328 kB | 16/484 kB | 28/43 kB
Progress (5): 1.1/1.9 MB | 1.7/1.8 MB | 319/328 kB | 16/484 kB | 43 kB   
                                                                      
Downloaded from central: https://repo.maven.apache.org/maven2/org/apache/maven/shared/maven-dependency-tree/3.2.1/maven-dependency-tree-3.2.1.jar (43 kB at 5.0 kB/s)
Downloading from central: https://repo.maven.apache.org/maven2/org/vafer/jdependency/2.8.0/jdependency-2.8.0.jar
Progress (4): 1.1/1.9 MB | 1.7/1.8 MB | 328 kB | 16/484 kB
                                                          
Downloaded from central: https://repo.maven.apache.org/maven2/org/jdom/jdom2/2.0.6.1/jdom2-2.0.6.1.jar (328 kB at 39 kB/s)
Downloading from central: https://repo.maven.apache.org/maven2/org/apache/commons/commons-collections4/4.4/commons-collections4-4.4.jar
Progress (3): 1.1/1.9 MB | 1.7/1.8 MB | 16/484 kB
Progress (3): 1.1/1.9 MB | 1.8/1.8 MB | 16/484 kB
Progress (3): 1.1/1.9 MB | 1.8/1.8 MB | 32/484 kB
Progress (3): 1.1/1.9 MB | 1.8/1.8 MB | 32/484 kB
Progress (3): 1.1/1.9 MB | 1.8/1.8 MB | 32/484 kB
Progress (3): 1.1/1.9 MB | 1.8/1.8 MB | 32/484 kB
Progress (3): 1.1/1.9 MB | 1.8/1.8 MB | 49/484 kB
Progress (3): 1.1/1.9 MB | 1.8/1.8 MB | 65/484 kB
Progress (4): 1.1/1.9 MB | 1.8/1.8 MB | 65/484 kB | 16/752 kB
Progress (4): 1.1/1.9 MB | 1.8/1.8 MB | 65/484 kB | 25/752 kB
Progress (4): 1.1/1.9 MB | 1.8/1.8 MB | 65/484 kB | 25/752 kB
Progress (5): 1.1/1.9 MB | 1.8/1.8 MB | 65/484 kB | 25/752 kB | 7.7/233 kB
Progress (5): 1.1/1.9 MB | 1.8/1.8 MB | 65/484 kB | 25/752 kB | 16/233 kB 
Progress (5): 1.1/1.9 MB | 1.8/1.8 MB | 65/484 kB | 25/752 kB | 32/233 kB
Progress (5): 1.1/1.9 MB | 1.8/1.8 MB | 65/484 kB | 25/752 kB | 32/233 kB
Progress (5): 1.1/1.9 MB | 1.8/1.8 MB | 65/484 kB | 41/752 kB | 32/233 kB
Progress (5): 1.1/1.9 MB | 1.8/1.8 MB | 65/484 kB | 57/752 kB | 32/233 kB
Progress (5): 1.1/1.9 MB | 1.8/1.8 MB | 65/484 kB | 57/752 kB | 49/233 kB
Progress (5): 1.1/1.9 MB | 1.8/1.8 MB | 65/484 kB | 57/752 kB | 65/233 kB
Progress (5): 1.1/1.9 MB | 1.8/1.8 MB | 81/484 kB | 57/752 kB | 65/233 kB
Progress (5): 1.1/1.9 MB | 1.8/1.8 MB | 98/484 kB | 57/752 kB | 65/233 kB
Progress (5): 1.1/1.9 MB | 1.8/1.8 MB | 98/484 kB | 57/752 kB | 65/233 kB
Progress (5): 1.1/1.9 MB | 1.8/1.8 MB | 98/484 kB | 66/752 kB | 65/233 kB
Progress (5): 1.1/1.9 MB | 1.8/1.8 MB | 98/484 kB | 78/752 kB | 65/233 kB
Progress (5): 1.1/1.9 MB | 1.8/1.8 MB | 98/484 kB | 94/752 kB | 65/233 kB
Progress (5): 1.2/1.9 MB | 1.8/1.8 MB | 98/484 kB | 94/752 kB | 65/233 kB
Progress (5): 1.2/1.9 MB | 1.8/1.8 MB | 98/484 kB | 94/752 kB | 81/233 kB
Progress (5): 1.2/1.9 MB | 1.8/1.8 MB | 98/484 kB | 94/752 kB | 98/233 kB
Progress (5): 1.2/1.9 MB | 1.8 MB | 98/484 kB | 94/752 kB | 98/233 kB    
                                                                     
Downloaded from central: https://repo.maven.apache.org/maven2/org/springframework/spring-core/6.0.10/spring-core-6.0.10.jar (1.8 MB at 203 kB/s)
Progress (4): 1.2/1.9 MB | 98/484 kB | 102/752 kB | 98/233 kB
Progress (4): 1.2/1.9 MB | 98/484 kB | 115/752 kB | 98/233 kB
Progress (4): 1.2/1.9 MB | 98/484 kB | 127/752 kB | 98/233 kB
Progress (4): 1.2/1.9 MB | 98/484 kB | 143/752 kB | 98/233 kB
Progress (4): 1.2/1.9 MB | 98/484 kB | 143/752 kB | 114/233 kB
Progress (4): 1.2/1.9 MB | 98/484 kB | 143/752 kB | 131/233 kB
Progress (4): 1.2/1.9 MB | 98/484 kB | 143/752 kB | 131/233 kB
Progress (4): 1.2/1.9 MB | 114/484 kB | 143/752 kB | 131/233 kB
Progress (4): 1.2/1.9 MB | 114/484 kB | 143/752 kB | 147/233 kB
Progress (4): 1.2/1.9 MB | 131/484 kB | 143/752 kB | 147/233 kB
Progress (4): 1.2/1.9 MB | 131/484 kB | 160/752 kB | 147/233 kB
Progress (4): 1.2/1.9 MB | 131/484 kB | 164/752 kB | 147/233 kB
Progress (4): 1.2/1.9 MB | 131/484 kB | 172/752 kB | 147/233 kB
Progress (4): 1.2/1.9 MB | 131/484 kB | 188/752 kB | 147/233 kB
Progress (4): 1.2/1.9 MB | 131/484 kB | 197/752 kB | 147/233 kB
Progress (4): 1.2/1.9 MB | 131/484 kB | 197/752 kB | 147/233 kB
Progress (4): 1.2/1.9 MB | 131/484 kB | 209/752 kB | 147/233 kB
Progress (4): 1.2/1.9 MB | 131/484 kB | 213/752 kB | 147/233 kB
Progress (4): 1.2/1.9 MB | 147/484 kB | 213/752 kB | 147/233 kB
Progress (4): 1.2/1.9 MB | 147/484 kB | 229/752 kB | 147/233 kB
Progress (4): 1.2/1.9 MB | 147/484 kB | 229/752 kB | 163/233 kB
Progress (4): 1.2/1.9 MB | 147/484 kB | 229/752 kB | 180/233 kB
Progress (4): 1.2/1.9 MB | 147/484 kB | 229/752 kB | 180/233 kB
Progress (4): 1.2/1.9 MB | 147/484 kB | 229/752 kB | 180/233 kB
Progress (4): 1.2/1.9 MB | 147/484 kB | 229/752 kB | 196/233 kB
Progress (4): 1.2/1.9 MB | 147/484 kB | 246/752 kB | 196/233 kB
Progress (4): 1.2/1.9 MB | 147/484 kB | 262/752 kB | 196/233 kB
Progress (4): 1.2/1.9 MB | 147/484 kB | 279/752 kB | 196/233 kB
Progress (4): 1.2/1.9 MB | 163/484 kB | 279/752 kB | 196/233 kB
Progress (4): 1.2/1.9 MB | 163/484 kB | 279/752 kB | 213/233 kB
Progress (4): 1.2/1.9 MB | 163/484 kB | 279/752 kB | 229/233 kB
Progress (4): 1.2/1.9 MB | 180/484 kB | 279/752 kB | 229/233 kB
Progress (4): 1.2/1.9 MB | 180/484 kB | 279/752 kB | 233 kB    
                                                           
Downloaded from central: https://repo.maven.apache.org/maven2/org/vafer/jdependency/2.8.0/jdependency-2.8.0.jar (233 kB at 25 kB/s)
Progress (3): 1.2/1.9 MB | 180/484 kB | 295/752 kB
Progress (3): 1.2/1.9 MB | 180/484 kB | 295/752 kB
Progress (3): 1.2/1.9 MB | 180/484 kB | 311/752 kB
Progress (3): 1.2/1.9 MB | 180/484 kB | 328/752 kB
Progress (3): 1.3/1.9 MB | 180/484 kB | 328/752 kB
Progress (3): 1.3/1.9 MB | 196/484 kB | 328/752 kB
Progress (3): 1.3/1.9 MB | 196/484 kB | 340/752 kB
Progress (3): 1.3/1.9 MB | 196/484 kB | 344/752 kB
Progress (3): 1.3/1.9 MB | 196/484 kB | 344/752 kB
Progress (3): 1.3/1.9 MB | 196/484 kB | 360/752 kB
Progress (3): 1.3/1.9 MB | 196/484 kB | 377/752 kB
Progress (3): 1.3/1.9 MB | 213/484 kB | 377/752 kB
Progress (3): 1.3/1.9 MB | 213/484 kB | 377/752 kB
Progress (3): 1.3/1.9 MB | 213/484 kB | 393/752 kB
Progress (3): 1.3/1.9 MB | 213/484 kB | 410/752 kB
Progress (3): 1.3/1.9 MB | 213/484 kB | 410/752 kB
Progress (3): 1.3/1.9 MB | 229/484 kB | 410/752 kB
Progress (3): 1.3/1.9 MB | 229/484 kB | 426/752 kB
Progress (3): 1.3/1.9 MB | 229/484 kB | 426/752 kB
Progress (3): 1.3/1.9 MB | 229/484 kB | 442/752 kB
Progress (3): 1.3/1.9 MB | 229/484 kB | 459/752 kB
Progress (3): 1.3/1.9 MB | 245/484 kB | 459/752 kB
Progress (3): 1.3/1.9 MB | 245/484 kB | 459/752 kB
Progress (3): 1.3/1.9 MB | 245/484 kB | 471/752 kB
Progress (3): 1.3/1.9 MB | 245/484 kB | 475/752 kB
Progress (3): 1.4/1.9 MB | 245/484 kB | 475/752 kB
Progress (3): 1.4/1.9 MB | 245/484 kB | 492/752 kB
Progress (3): 1.4/1.9 MB | 262/484 kB | 492/752 kB
Progress (3): 1.4/1.9 MB | 262/484 kB | 508/752 kB
Progress (3): 1.4/1.9 MB | 262/484 kB | 508/752 kB
Progress (3): 1.4/1.9 MB | 262/484 kB | 524/752 kB
Progress (3): 1.4/1.9 MB | 262/484 kB | 524/752 kB
Progress (3): 1.4/1.9 MB | 262/484 kB | 541/752 kB
Progress (3): 1.4/1.9 MB | 278/484 kB | 541/752 kB
Progress (3): 1.4/1.9 MB | 278/484 kB | 557/752 kB
Progress (3): 1.4/1.9 MB | 278/484 kB | 557/752 kB
Progress (3): 1.4/1.9 MB | 278/484 kB | 573/752 kB
Progress (3): 1.4/1.9 MB | 278/484 kB | 573/752 kB
Progress (3): 1.4/1.9 MB | 294/484 kB | 573/752 kB
Progress (3): 1.4/1.9 MB | 294/484 kB | 590/752 kB
Progress (3): 1.4/1.9 MB | 294/484 kB | 602/752 kB
Progress (3): 1.4/1.9 MB | 294/484 kB | 602/752 kB
Progress (3): 1.4/1.9 MB | 294/484 kB | 606/752 kB
Progress (3): 1.4/1.9 MB | 294/484 kB | 623/752 kB
Progress (3): 1.5/1.9 MB | 294/484 kB | 623/752 kB
Progress (3): 1.5/1.9 MB | 311/484 kB | 623/752 kB
Progress (3): 1.5/1.9 MB | 311/484 kB | 639/752 kB
Progress (3): 1.5/1.9 MB | 311/484 kB | 639/752 kB
Progress (3): 1.5/1.9 MB | 311/484 kB | 655/752 kB
Progress (3): 1.5/1.9 MB | 311/484 kB | 655/752 kB
Progress (3): 1.5/1.9 MB | 311/484 kB | 672/752 kB
Progress (3): 1.5/1.9 MB | 327/484 kB | 672/752 kB
Progress (3): 1.5/1.9 MB | 327/484 kB | 672/752 kB
Progress (3): 1.5/1.9 MB | 327/484 kB | 688/752 kB
Progress (3): 1.5/1.9 MB | 327/484 kB | 705/752 kB
Progress (3): 1.5/1.9 MB | 327/484 kB | 705/752 kB
Progress (3): 1.5/1.9 MB | 327/484 kB | 721/752 kB
Progress (3): 1.5/1.9 MB | 344/484 kB | 721/752 kB
Progress (3): 1.5/1.9 MB | 344/484 kB | 721/752 kB
Progress (3): 1.5/1.9 MB | 344/484 kB | 733/752 kB
Progress (3): 1.5/1.9 MB | 344/484 kB | 737/752 kB
Progress (3): 1.6/1.9 MB | 344/484 kB | 737/752 kB
Progress (3): 1.6/1.9 MB | 344/484 kB | 752 kB    
                                              
Downloaded from central: https://repo.maven.apache.org/maven2/org/apache/commons/commons-collections4/4.4/commons-collections4-4.4.jar (752 kB at 72 kB/s)
Progress (2): 1.6/1.9 MB | 344/484 kB
Progress (2): 1.6/1.9 MB | 360/484 kB
Progress (2): 1.6/1.9 MB | 360/484 kB
Progress (2): 1.6/1.9 MB | 360/484 kB
Progress (2): 1.6/1.9 MB | 376/484 kB
Progress (2): 1.6/1.9 MB | 376/484 kB
Progress (2): 1.6/1.9 MB | 376/484 kB
Progress (2): 1.7/1.9 MB | 376/484 kB
Progress (2): 1.7/1.9 MB | 393/484 kB
Progress (2): 1.7/1.9 MB | 393/484 kB
Progress (2): 1.7/1.9 MB | 393/484 kB
Progress (2): 1.7/1.9 MB | 393/484 kB
Progress (2): 1.7/1.9 MB | 409/484 kB
Progress (2): 1.7/1.9 MB | 409/484 kB
Progress (2): 1.7/1.9 MB | 409/484 kB
Progress (2): 1.8/1.9 MB | 409/484 kB
Progress (2): 1.8/1.9 MB | 426/484 kB
Progress (2): 1.8/1.9 MB | 426/484 kB
Progress (2): 1.8/1.9 MB | 426/484 kB
Progress (2): 1.8/1.9 MB | 426/484 kB
Progress (2): 1.8/1.9 MB | 442/484 kB
Progress (2): 1.8/1.9 MB | 442/484 kB
Progress (2): 1.8/1.9 MB | 442/484 kB
Progress (2): 1.9/1.9 MB | 442/484 kB
Progress (2): 1.9/1.9 MB | 458/484 kB
Progress (2): 1.9/1.9 MB | 458/484 kB
Progress (2): 1.9 MB | 458/484 kB    
                                 
Downloaded from central: https://repo.maven.apache.org/maven2/net/java/dev/jna/jna/5.13.0/jna-5.13.0.jar (1.9 MB at 168 kB/s)
Progress (1): 475/484 kB
Progress (1): 484 kB    
                    
Downloaded from central: https://repo.maven.apache.org/maven2/commons-io/commons-io/2.13.0/commons-io-2.13.0.jar (484 kB at 43 kB/s)
[INFO] Replacing main artifact /app/target/backend-0.0.1-SNAPSHOT.jar with repackaged archive, adding nested dependencies in BOOT-INF/.
[INFO] The original artifact has been renamed to /app/target/backend-0.0.1-SNAPSHOT.jar.original
[INFO] ------------------------------------------------------------------------
[INFO] BUILD SUCCESS
[INFO] ------------------------------------------------------------------------
[INFO] Total time:  03:57 min
[INFO] Finished at: 2026-01-12T23:06:56Z
[INFO] ------------------------------------------------------------------------
