[INFO] Scanning for projects...
Downloading from spring-milestones: https://repo.spring.io/milestone/org/springframework/boot/spring-boot-starter-parent/3.2.2/spring-boot-starter-parent-3.2.2.pom
Downloading from central: https://repo.maven.apache.org/maven2/org/springframework/boot/spring-boot-starter-parent/3.2.2/spring-boot-starter-parent-3.2.2.pom
Progress (1): 1.1 kB
Progress (1): 2.6 kB
Progress (1): 6.7 kB
Progress (1): 10 kB 
Progress (1): 13 kB
                   
Downloaded from central: https://repo.maven.apache.org/maven2/org/springframework/boot/spring-boot-starter-parent/3.2.2/spring-boot-starter-parent-3.2.2.pom (13 kB at 27 kB/s)
Downloading from spring-milestones: https://repo.spring.io/milestone/org/springframework/boot/spring-boot-dependencies/3.2.2/spring-boot-dependencies-3.2.2.pom
Downloading from central: https://repo.maven.apache.org/maven2/org/springframework/boot/spring-boot-dependencies/3.2.2/spring-boot-dependencies-3.2.2.pom
Progress (1): 988 B
Progress (1): 2.3 kB
Progress (1): 4.4 kB
Progress (1): 6.6 kB
Progress (1): 8.2 kB
Progress (1): 11 kB 
Progress (1): 16 kB
Progress (1): 24 kB
Progress (1): 32 kB
Progress (1): 40 kB
Progress (1): 45 kB
Progress (1): 54 kB
Progress (1): 64 kB
Progress (1): 72 kB
Progress (1): 84 kB
Progress (1): 93 kB
Progress (1): 97 kB
Progress (1): 104 kB
Progress (1): 111 kB
                    
Downloaded from central: https://repo.maven.apache.org/maven2/org/springframework/boot/spring-boot-dependencies/3.2.2/spring-boot-dependencies-3.2.2.pom (111 kB at 931 kB/s)
Downloading from spring-milestones: https://repo.spring.io/milestone/org/springframework/ai/spring-ai-bom/0.8.1/spring-ai-bom-0.8.1.pom
Progress (1): 0.5/11 kB
Progress (1): 1.9/11 kB
Progress (1): 3.3/11 kB
Progress (1): 4.7/11 kB
Progress (1): 6.1/11 kB
Progress (1): 7.5/11 kB
Progress (1): 8.9/11 kB
Progress (1): 10/11 kB 
Progress (1): 11 kB   
                   
Downloaded from spring-milestones: https://repo.spring.io/milestone/org/springframework/ai/spring-ai-bom/0.8.1/spring-ai-bom-0.8.1.pom (11 kB at 33 kB/s)
Downloading from spring-milestones: https://repo.spring.io/milestone/org/assertj/assertj-bom/3.24.2/assertj-bom-3.24.2.pom
Downloading from central: https://repo.maven.apache.org/maven2/org/assertj/assertj-bom/3.24.2/assertj-bom-3.24.2.pom
Progress (1): 1.0 kB
Progress (1): 3.0 kB
Progress (1): 3.7 kB
                    
Downloaded from central: https://repo.maven.apache.org/maven2/org/assertj/assertj-bom/3.24.2/assertj-bom-3.24.2.pom (3.7 kB at 38 kB/s)
Downloading from spring-milestones: https://repo.spring.io/milestone/io/zipkin/brave/brave-bom/5.16.0/brave-bom-5.16.0.pom
Downloading from central: https://repo.maven.apache.org/maven2/io/zipkin/brave/brave-bom/5.16.0/brave-bom-5.16.0.pom
Progress (1): 814 B
Progress (1): 1.9 kB
Progress (1): 5.9 kB
Progress (1): 12 kB 
                   
Downloaded from central: https://repo.maven.apache.org/maven2/io/zipkin/brave/brave-bom/5.16.0/brave-bom-5.16.0.pom (12 kB at 129 kB/s)
Downloading from spring-milestones: https://repo.spring.io/milestone/io/zipkin/reporter2/zipkin-reporter-bom/2.16.3/zipkin-reporter-bom-2.16.3.pom
Downloading from central: https://repo.maven.apache.org/maven2/io/zipkin/reporter2/zipkin-reporter-bom/2.16.3/zipkin-reporter-bom-2.16.3.pom
Progress (1): 752 B
Progress (1): 1.8 kB
Progress (1): 5.6 kB
Progress (1): 6.9 kB
                    
Downloaded from central: https://repo.maven.apache.org/maven2/io/zipkin/reporter2/zipkin-reporter-bom/2.16.3/zipkin-reporter-bom-2.16.3.pom (6.9 kB at 88 kB/s)
Downloading from spring-milestones: https://repo.spring.io/milestone/com/datastax/oss/java-driver-bom/4.17.0/java-driver-bom-4.17.0.pom
Downloading from central: https://repo.maven.apache.org/maven2/com/datastax/oss/java-driver-bom/4.17.0/java-driver-bom-4.17.0.pom
Progress (1): 845 B
Progress (1): 1.9 kB
Progress (1): 4.1 kB
                    
Downloaded from central: https://repo.maven.apache.org/maven2/com/datastax/oss/java-driver-bom/4.17.0/java-driver-bom-4.17.0.pom (4.1 kB at 47 kB/s)
Downloading from spring-milestones: https://repo.spring.io/milestone/io/dropwizard/metrics/metrics-bom/4.2.23/metrics-bom-4.2.23.pom
Downloading from central: https://repo.maven.apache.org/maven2/io/dropwizard/metrics/metrics-bom/4.2.23/metrics-bom-4.2.23.pom
Progress (1): 6.3 kB
Progress (1): 8.2 kB
                    
Downloaded from central: https://repo.maven.apache.org/maven2/io/dropwizard/metrics/metrics-bom/4.2.23/metrics-bom-4.2.23.pom (8.2 kB at 79 kB/s)
Downloading from spring-milestones: https://repo.spring.io/milestone/io/dropwizard/metrics/metrics-parent/4.2.23/metrics-parent-4.2.23.pom
Downloading from central: https://repo.maven.apache.org/maven2/io/dropwizard/metrics/metrics-parent/4.2.23/metrics-parent-4.2.23.pom
Progress (1): 1.8 kB
Progress (1): 3.3 kB
Progress (1): 5.3 kB
Progress (1): 8.5 kB
Progress (1): 12 kB 
Progress (1): 16 kB
Progress (1): 20 kB
Progress (1): 21 kB
                   
Downloaded from central: https://repo.maven.apache.org/maven2/io/dropwizard/metrics/metrics-parent/4.2.23/metrics-parent-4.2.23.pom (21 kB at 220 kB/s)
Downloading from spring-milestones: https://repo.spring.io/milestone/org/glassfish/jaxb/jaxb-bom/4.0.4/jaxb-bom-4.0.4.pom
Downloading from central: https://repo.maven.apache.org/maven2/org/glassfish/jaxb/jaxb-bom/4.0.4/jaxb-bom-4.0.4.pom
Progress (1): 849 B
Progress (1): 3.5 kB
Progress (1): 12 kB 
Progress (1): 12 kB
                   
Downloaded from central: https://repo.maven.apache.org/maven2/org/glassfish/jaxb/jaxb-bom/4.0.4/jaxb-bom-4.0.4.pom (12 kB at 124 kB/s)
Downloading from spring-milestones: https://repo.spring.io/milestone/org/eclipse/ee4j/project/1.0.8/project-1.0.8.pom
Downloading from central: https://repo.maven.apache.org/maven2/org/eclipse/ee4j/project/1.0.8/project-1.0.8.pom
Progress (1): 872 B
Progress (1): 1.8 kB
Progress (1): 4.5 kB
Progress (1): 6.8 kB
Progress (1): 9.2 kB
Progress (1): 15 kB 
                   
Downloaded from central: https://repo.maven.apache.org/maven2/org/eclipse/ee4j/project/1.0.8/project-1.0.8.pom (15 kB at 149 kB/s)
Downloading from spring-milestones: https://repo.spring.io/milestone/org/apache/groovy/groovy-bom/4.0.17/groovy-bom-4.0.17.pom
Downloading from central: https://repo.maven.apache.org/maven2/org/apache/groovy/groovy-bom/4.0.17/groovy-bom-4.0.17.pom
Progress (1): 863 B
Progress (1): 2.3 kB
Progress (1): 6.1 kB
Progress (1): 10 kB 
Progress (1): 12 kB
Progress (1): 16 kB
Progress (1): 20 kB
Progress (1): 22 kB
Progress (1): 27 kB
                   
Downloaded from central: https://repo.maven.apache.org/maven2/org/apache/groovy/groovy-bom/4.0.17/groovy-bom-4.0.17.pom (27 kB at 278 kB/s)
Downloading from spring-milestones: https://repo.spring.io/milestone/org/infinispan/infinispan-bom/14.0.21.Final/infinispan-bom-14.0.21.Final.pom
Downloading from central: https://repo.maven.apache.org/maven2/org/infinispan/infinispan-bom/14.0.21.Final/infinispan-bom-14.0.21.Final.pom
Progress (1): 1.1 kB
Progress (1): 3.1 kB
Progress (1): 19 kB 
Progress (1): 24 kB
                   
Downloaded from central: https://repo.maven.apache.org/maven2/org/infinispan/infinispan-bom/14.0.21.Final/infinispan-bom-14.0.21.Final.pom (24 kB at 320 kB/s)
Downloading from spring-milestones: https://repo.spring.io/milestone/org/infinispan/infinispan-build-configuration-parent/14.0.21.Final/infinispan-build-configuration-parent-14.0.21.Final.pom
Downloading from central: https://repo.maven.apache.org/maven2/org/infinispan/infinispan-build-configuration-parent/14.0.21.Final/infinispan-build-configuration-parent-14.0.21.Final.pom
Progress (1): 1.0 kB
Progress (1): 2.7 kB
Progress (1): 4.9 kB
Progress (1): 6.9 kB
Progress (1): 8.5 kB
Progress (1): 11 kB 
Progress (1): 13 kB
Progress (1): 15 kB
Progress (1): 18 kB
Progress (1): 24 kB
                   
Downloaded from central: https://repo.maven.apache.org/maven2/org/infinispan/infinispan-build-configuration-parent/14.0.21.Final/infinispan-build-configuration-parent-14.0.21.Final.pom (24 kB at 245 kB/s)
Downloading from spring-milestones: https://repo.spring.io/milestone/org/jboss/jboss-parent/39/jboss-parent-39.pom
Downloading from central: https://repo.maven.apache.org/maven2/org/jboss/jboss-parent/39/jboss-parent-39.pom
Progress (1): 691 B
Progress (1): 2.0 kB
Progress (1): 4.5 kB
Progress (1): 6.8 kB
Progress (1): 8.9 kB
Progress (1): 13 kB 
Progress (1): 20 kB
Progress (1): 22 kB
Progress (1): 29 kB
Progress (1): 33 kB
Progress (1): 35 kB
Progress (1): 38 kB
Progress (1): 43 kB
Progress (1): 60 kB
Progress (1): 68 kB
                   
Downloaded from central: https://repo.maven.apache.org/maven2/org/jboss/jboss-parent/39/jboss-parent-39.pom (68 kB at 789 kB/s)
Downloading from spring-milestones: https://repo.spring.io/milestone/com/fasterxml/jackson/jackson-bom/2.15.3/jackson-bom-2.15.3.pom
Downloading from central: https://repo.maven.apache.org/maven2/com/fasterxml/jackson/jackson-bom/2.15.3/jackson-bom-2.15.3.pom
Progress (1): 924 B
Progress (1): 2.7 kB
Progress (1): 8.1 kB
Progress (1): 17 kB 
Progress (1): 18 kB
                   
Downloaded from central: https://repo.maven.apache.org/maven2/com/fasterxml/jackson/jackson-bom/2.15.3/jackson-bom-2.15.3.pom (18 kB at 200 kB/s)
Downloading from spring-milestones: https://repo.spring.io/milestone/com/fasterxml/jackson/jackson-parent/2.15/jackson-parent-2.15.pom
Downloading from central: https://repo.maven.apache.org/maven2/com/fasterxml/jackson/jackson-parent/2.15/jackson-parent-2.15.pom
Progress (1): 1.1 kB
Progress (1): 2.6 kB
Progress (1): 4.1 kB
Progress (1): 6.5 kB
                    
Downloaded from central: https://repo.maven.apache.org/maven2/com/fasterxml/jackson/jackson-parent/2.15/jackson-parent-2.15.pom (6.5 kB at 71 kB/s)
Downloading from spring-milestones: https://repo.spring.io/milestone/com/fasterxml/oss-parent/50/oss-parent-50.pom
Downloading from central: https://repo.maven.apache.org/maven2/com/fasterxml/oss-parent/50/oss-parent-50.pom
Progress (1): 948 B
Progress (1): 2.6 kB
Progress (1): 4.0 kB
Progress (1): 6.0 kB
Progress (1): 9.6 kB
Progress (1): 12 kB 
Progress (1): 15 kB
Progress (1): 16 kB
Progress (1): 19 kB
Progress (1): 23 kB
Progress (1): 24 kB
                   
Downloaded from central: https://repo.maven.apache.org/maven2/com/fasterxml/oss-parent/50/oss-parent-50.pom (24 kB at 204 kB/s)
Downloading from spring-milestones: https://repo.spring.io/milestone/org/glassfish/jersey/jersey-bom/3.1.5/jersey-bom-3.1.5.pom
Downloading from central: https://repo.maven.apache.org/maven2/org/glassfish/jersey/jersey-bom/3.1.5/jersey-bom-3.1.5.pom
Progress (1): 840 B
Progress (1): 8.6 kB
Progress (1): 20 kB 
Progress (1): 21 kB
                   
Downloaded from central: https://repo.maven.apache.org/maven2/org/glassfish/jersey/jersey-bom/3.1.5/jersey-bom-3.1.5.pom (21 kB at 94 kB/s)
Downloading from spring-milestones: https://repo.spring.io/milestone/org/eclipse/jetty/ee10/jetty-ee10-bom/12.0.5/jetty-ee10-bom-12.0.5.pom
Downloading from central: https://repo.maven.apache.org/maven2/org/eclipse/jetty/ee10/jetty-ee10-bom/12.0.5/jetty-ee10-bom-12.0.5.pom
Progress (1): 1.1 kB
Progress (1): 4.5 kB
Progress (1): 9.2 kB
                    
Downloaded from central: https://repo.maven.apache.org/maven2/org/eclipse/jetty/ee10/jetty-ee10-bom/12.0.5/jetty-ee10-bom-12.0.5.pom (9.2 kB at 103 kB/s)
Downloading from spring-milestones: https://repo.spring.io/milestone/org/eclipse/jetty/jetty-bom/12.0.5/jetty-bom-12.0.5.pom
Downloading from central: https://repo.maven.apache.org/maven2/org/eclipse/jetty/jetty-bom/12.0.5/jetty-bom-12.0.5.pom
Progress (1): 1.1 kB
Progress (1): 4.5 kB
Progress (1): 14 kB 
                   
Downloaded from central: https://repo.maven.apache.org/maven2/org/eclipse/jetty/jetty-bom/12.0.5/jetty-bom-12.0.5.pom (14 kB at 162 kB/s)
Downloading from spring-milestones: https://repo.spring.io/milestone/org/junit/junit-bom/5.10.1/junit-bom-5.10.1.pom
Downloading from central: https://repo.maven.apache.org/maven2/org/junit/junit-bom/5.10.1/junit-bom-5.10.1.pom
Progress (1): 908 B
Progress (1): 4.1 kB
Progress (1): 5.6 kB
                    
Downloaded from central: https://repo.maven.apache.org/maven2/org/junit/junit-bom/5.10.1/junit-bom-5.10.1.pom (5.6 kB at 71 kB/s)
Downloading from spring-milestones: https://repo.spring.io/milestone/org/jetbrains/kotlin/kotlin-bom/1.9.22/kotlin-bom-1.9.22.pom
Downloading from central: https://repo.maven.apache.org/maven2/org/jetbrains/kotlin/kotlin-bom/1.9.22/kotlin-bom-1.9.22.pom
Progress (1): 909 B
Progress (1): 5.3 kB
Progress (1): 9.1 kB
                    
Downloaded from central: https://repo.maven.apache.org/maven2/org/jetbrains/kotlin/kotlin-bom/1.9.22/kotlin-bom-1.9.22.pom (9.1 kB at 111 kB/s)
Downloading from spring-milestones: https://repo.spring.io/milestone/org/jetbrains/kotlinx/kotlinx-coroutines-bom/1.7.3/kotlinx-coroutines-bom-1.7.3.pom
Downloading from central: https://repo.maven.apache.org/maven2/org/jetbrains/kotlinx/kotlinx-coroutines-bom/1.7.3/kotlinx-coroutines-bom-1.7.3.pom
Progress (1): 1.2 kB
Progress (1): 4.3 kB
                    
Downloaded from central: https://repo.maven.apache.org/maven2/org/jetbrains/kotlinx/kotlinx-coroutines-bom/1.7.3/kotlinx-coroutines-bom-1.7.3.pom (4.3 kB at 55 kB/s)
Downloading from spring-milestones: https://repo.spring.io/milestone/org/jetbrains/kotlinx/kotlinx-serialization-bom/1.6.2/kotlinx-serialization-bom-1.6.2.pom
Downloading from central: https://repo.maven.apache.org/maven2/org/jetbrains/kotlinx/kotlinx-serialization-bom/1.6.2/kotlinx-serialization-bom-1.6.2.pom
Progress (1): 1.2 kB
Progress (1): 3.8 kB
                    
Downloaded from central: https://repo.maven.apache.org/maven2/org/jetbrains/kotlinx/kotlinx-serialization-bom/1.6.2/kotlinx-serialization-bom-1.6.2.pom (3.8 kB at 37 kB/s)
Downloading from spring-milestones: https://repo.spring.io/milestone/org/apache/logging/log4j/log4j-bom/2.21.1/log4j-bom-2.21.1.pom
Downloading from central: https://repo.maven.apache.org/maven2/org/apache/logging/log4j/log4j-bom/2.21.1/log4j-bom-2.21.1.pom
Progress (1): 794 B
Progress (1): 2.2 kB
Progress (1): 5.7 kB
Progress (1): 12 kB 
                   
Downloaded from central: https://repo.maven.apache.org/maven2/org/apache/logging/log4j/log4j-bom/2.21.1/log4j-bom-2.21.1.pom (12 kB at 145 kB/s)
Downloading from spring-milestones: https://repo.spring.io/milestone/org/apache/logging/logging-parent/10.1.1/logging-parent-10.1.1.pom
Downloading from central: https://repo.maven.apache.org/maven2/org/apache/logging/logging-parent/10.1.1/logging-parent-10.1.1.pom
Progress (1): 738 B
Progress (1): 2.2 kB
Progress (1): 4.7 kB
Progress (1): 7.1 kB
Progress (1): 11 kB 
Progress (1): 14 kB
Progress (1): 20 kB
Progress (1): 21 kB
Progress (1): 22 kB
Progress (1): 25 kB
Progress (1): 28 kB
Progress (1): 30 kB
Progress (1): 32 kB
Progress (1): 36 kB
Progress (1): 39 kB
                   
Downloaded from central: https://repo.maven.apache.org/maven2/org/apache/logging/logging-parent/10.1.1/logging-parent-10.1.1.pom (39 kB at 431 kB/s)
Downloading from spring-milestones: https://repo.spring.io/milestone/org/apache/apache/30/apache-30.pom
Downloading from central: https://repo.maven.apache.org/maven2/org/apache/apache/30/apache-30.pom
Progress (1): 741 B
Progress (1): 2.1 kB
Progress (1): 4.0 kB
Progress (1): 6.2 kB
Progress (1): 11 kB 
Progress (1): 16 kB
Progress (1): 20 kB
Progress (1): 21 kB
Progress (1): 23 kB
Progress (1): 23 kB
                   
Downloaded from central: https://repo.maven.apache.org/maven2/org/apache/apache/30/apache-30.pom (23 kB at 270 kB/s)
Downloading from spring-milestones: https://repo.spring.io/milestone/io/micrometer/micrometer-bom/1.12.2/micrometer-bom-1.12.2.pom
Downloading from central: https://repo.maven.apache.org/maven2/io/micrometer/micrometer-bom/1.12.2/micrometer-bom-1.12.2.pom
Progress (1): 1.0 kB
Progress (1): 7.4 kB
Progress (1): 8.0 kB
                    
Downloaded from central: https://repo.maven.apache.org/maven2/io/micrometer/micrometer-bom/1.12.2/micrometer-bom-1.12.2.pom (8.0 kB at 102 kB/s)
Downloading from spring-milestones: https://repo.spring.io/milestone/io/micrometer/micrometer-tracing-bom/1.2.2/micrometer-tracing-bom-1.2.2.pom
Downloading from central: https://repo.maven.apache.org/maven2/io/micrometer/micrometer-tracing-bom/1.2.2/micrometer-tracing-bom-1.2.2.pom
Progress (1): 1.0 kB
Progress (1): 4.1 kB
Progress (1): 4.7 kB
                    
Downloaded from central: https://repo.maven.apache.org/maven2/io/micrometer/micrometer-tracing-bom/1.2.2/micrometer-tracing-bom-1.2.2.pom (4.7 kB at 54 kB/s)
Downloading from spring-milestones: https://repo.spring.io/milestone/org/mockito/mockito-bom/5.7.0/mockito-bom-5.7.0.pom
Downloading from central: https://repo.maven.apache.org/maven2/org/mockito/mockito-bom/5.7.0/mockito-bom-5.7.0.pom
Progress (1): 1.5 kB
Progress (1): 3.0 kB
                    
Downloaded from central: https://repo.maven.apache.org/maven2/org/mockito/mockito-bom/5.7.0/mockito-bom-5.7.0.pom (3.0 kB at 34 kB/s)
Downloading from spring-milestones: https://repo.spring.io/milestone/io/netty/netty-bom/4.1.105.Final/netty-bom-4.1.105.Final.pom
Downloading from central: https://repo.maven.apache.org/maven2/io/netty/netty-bom/4.1.105.Final/netty-bom-4.1.105.Final.pom
Progress (1): 786 B
Progress (1): 2.4 kB
Progress (1): 12 kB 
Progress (1): 14 kB
                   
Downloaded from central: https://repo.maven.apache.org/maven2/io/netty/netty-bom/4.1.105.Final/netty-bom-4.1.105.Final.pom (14 kB at 142 kB/s)
Downloading from spring-milestones: https://repo.spring.io/milestone/org/sonatype/oss/oss-parent/7/oss-parent-7.pom
Downloading from central: https://repo.maven.apache.org/maven2/org/sonatype/oss/oss-parent/7/oss-parent-7.pom
Progress (1): 847 B
Progress (1): 2.5 kB
Progress (1): 4.8 kB
                    
Downloaded from central: https://repo.maven.apache.org/maven2/org/sonatype/oss/oss-parent/7/oss-parent-7.pom (4.8 kB at 46 kB/s)
Downloading from spring-milestones: https://repo.spring.io/milestone/com/squareup/okhttp3/okhttp-bom/4.12.0/okhttp-bom-4.12.0.pom
Downloading from central: https://repo.maven.apache.org/maven2/com/squareup/okhttp3/okhttp-bom/4.12.0/okhttp-bom-4.12.0.pom
Progress (1): 931 B
Progress (1): 3.1 kB
                    
Downloaded from central: https://repo.maven.apache.org/maven2/com/squareup/okhttp3/okhttp-bom/4.12.0/okhttp-bom-4.12.0.pom (3.1 kB at 34 kB/s)
Downloading from spring-milestones: https://repo.spring.io/milestone/io/opentelemetry/opentelemetry-bom/1.31.0/opentelemetry-bom-1.31.0.pom
Downloading from central: https://repo.maven.apache.org/maven2/io/opentelemetry/opentelemetry-bom/1.31.0/opentelemetry-bom-1.31.0.pom
Progress (1): 955 B
Progress (1): 7.0 kB
                    
Downloaded from central: https://repo.maven.apache.org/maven2/io/opentelemetry/opentelemetry-bom/1.31.0/opentelemetry-bom-1.31.0.pom (7.0 kB at 83 kB/s)
Downloading from spring-milestones: https://repo.spring.io/milestone/com/oracle/database/jdbc/ojdbc-bom/21.9.0.0/ojdbc-bom-21.9.0.0.pom
Downloading from central: https://repo.maven.apache.org/maven2/com/oracle/database/jdbc/ojdbc-bom/21.9.0.0/ojdbc-bom-21.9.0.0.pom
Progress (1): 899 B
Progress (1): 3.8 kB
Progress (1): 8.5 kB
Progress (1): 13 kB 
                   
Downloaded from central: https://repo.maven.apache.org/maven2/com/oracle/database/jdbc/ojdbc-bom/21.9.0.0/ojdbc-bom-21.9.0.0.pom (13 kB at 160 kB/s)
Downloading from spring-milestones: https://repo.spring.io/milestone/io/prometheus/simpleclient_bom/0.16.0/simpleclient_bom-0.16.0.pom
Downloading from central: https://repo.maven.apache.org/maven2/io/prometheus/simpleclient_bom/0.16.0/simpleclient_bom-0.16.0.pom
Progress (1): 1.9 kB
Progress (1): 6.0 kB
                    
Downloaded from central: https://repo.maven.apache.org/maven2/io/prometheus/simpleclient_bom/0.16.0/simpleclient_bom-0.16.0.pom (6.0 kB at 75 kB/s)
Downloading from spring-milestones: https://repo.spring.io/milestone/io/prometheus/parent/0.16.0/parent-0.16.0.pom
Downloading from central: https://repo.maven.apache.org/maven2/io/prometheus/parent/0.16.0/parent-0.16.0.pom
Progress (1): 1.1 kB
Progress (1): 3.4 kB
Progress (1): 7.9 kB
Progress (1): 13 kB 
Progress (1): 13 kB
                   
Downloaded from central: https://repo.maven.apache.org/maven2/io/prometheus/parent/0.16.0/parent-0.16.0.pom (13 kB at 119 kB/s)
Downloading from spring-milestones: https://repo.spring.io/milestone/com/querydsl/querydsl-bom/5.0.0/querydsl-bom-5.0.0.pom
Downloading from central: https://repo.maven.apache.org/maven2/com/querydsl/querydsl-bom/5.0.0/querydsl-bom-5.0.0.pom
Progress (1): 1.2 kB
Progress (1): 6.7 kB
Progress (1): 7.2 kB
                    
Downloaded from central: https://repo.maven.apache.org/maven2/com/querydsl/querydsl-bom/5.0.0/querydsl-bom-5.0.0.pom (7.2 kB at 21 kB/s)
Downloading from spring-milestones: https://repo.spring.io/milestone/io/projectreactor/reactor-bom/2023.0.2/reactor-bom-2023.0.2.pom
Downloading from central: https://repo.maven.apache.org/maven2/io/projectreactor/reactor-bom/2023.0.2/reactor-bom-2023.0.2.pom
Progress (1): 907 B
Progress (1): 4.3 kB
Progress (1): 4.8 kB
                    
Downloaded from central: https://repo.maven.apache.org/maven2/io/projectreactor/reactor-bom/2023.0.2/reactor-bom-2023.0.2.pom (4.8 kB at 57 kB/s)
Downloading from spring-milestones: https://repo.spring.io/milestone/io/rest-assured/rest-assured-bom/5.3.2/rest-assured-bom-5.3.2.pom
Downloading from central: https://repo.maven.apache.org/maven2/io/rest-assured/rest-assured-bom/5.3.2/rest-assured-bom-5.3.2.pom
Progress (1): 1.2 kB
Progress (1): 4.3 kB
                    
Downloaded from central: https://repo.maven.apache.org/maven2/io/rest-assured/rest-assured-bom/5.3.2/rest-assured-bom-5.3.2.pom (4.3 kB at 49 kB/s)
Downloading from spring-milestones: https://repo.spring.io/milestone/io/rsocket/rsocket-bom/1.1.3/rsocket-bom-1.1.3.pom
Downloading from central: https://repo.maven.apache.org/maven2/io/rsocket/rsocket-bom/1.1.3/rsocket-bom-1.1.3.pom
Progress (1): 1.2 kB
Progress (1): 2.6 kB
                    
Downloaded from central: https://repo.maven.apache.org/maven2/io/rsocket/rsocket-bom/1.1.3/rsocket-bom-1.1.3.pom (2.6 kB at 28 kB/s)
Downloading from spring-milestones: https://repo.spring.io/milestone/org/seleniumhq/selenium/selenium-bom/4.14.1/selenium-bom-4.14.1.pom
Downloading from central: https://repo.maven.apache.org/maven2/org/seleniumhq/selenium/selenium-bom/4.14.1/selenium-bom-4.14.1.pom
Progress (1): 1.1 kB
Progress (1): 6.0 kB
                    
Downloaded from central: https://repo.maven.apache.org/maven2/org/seleniumhq/selenium/selenium-bom/4.14.1/selenium-bom-4.14.1.pom (6.0 kB at 22 kB/s)
Downloading from spring-milestones: https://repo.spring.io/milestone/org/springframework/amqp/spring-amqp-bom/3.1.1/spring-amqp-bom-3.1.1.pom
Downloading from central: https://repo.maven.apache.org/maven2/org/springframework/amqp/spring-amqp-bom/3.1.1/spring-amqp-bom-3.1.1.pom
Progress (1): 963 B
Progress (1): 3.9 kB
                    
Downloaded from central: https://repo.maven.apache.org/maven2/org/springframework/amqp/spring-amqp-bom/3.1.1/spring-amqp-bom-3.1.1.pom (3.9 kB at 33 kB/s)
Downloading from spring-milestones: https://repo.spring.io/milestone/org/springframework/batch/spring-batch-bom/5.1.0/spring-batch-bom-5.1.0.pom
Downloading from central: https://repo.maven.apache.org/maven2/org/springframework/batch/spring-batch-bom/5.1.0/spring-batch-bom-5.1.0.pom
Progress (1): 1.2 kB
Progress (1): 3.2 kB
                    
Downloaded from central: https://repo.maven.apache.org/maven2/org/springframework/batch/spring-batch-bom/5.1.0/spring-batch-bom-5.1.0.pom (3.2 kB at 34 kB/s)
Downloading from spring-milestones: https://repo.spring.io/milestone/org/springframework/data/spring-data-bom/2023.1.2/spring-data-bom-2023.1.2.pom
Downloading from central: https://repo.maven.apache.org/maven2/org/springframework/data/spring-data-bom/2023.1.2/spring-data-bom-2023.1.2.pom
Progress (1): 957 B
Progress (1): 2.5 kB
Progress (1): 5.5 kB
                    
Downloaded from central: https://repo.maven.apache.org/maven2/org/springframework/data/spring-data-bom/2023.1.2/spring-data-bom-2023.1.2.pom (5.5 kB at 67 kB/s)
Downloading from spring-milestones: https://repo.spring.io/milestone/org/springframework/spring-framework-bom/6.1.3/spring-framework-bom-6.1.3.pom
Downloading from central: https://repo.maven.apache.org/maven2/org/springframework/spring-framework-bom/6.1.3/spring-framework-bom-6.1.3.pom
Progress (1): 978 B
Progress (1): 5.8 kB
                    
Downloaded from central: https://repo.maven.apache.org/maven2/org/springframework/spring-framework-bom/6.1.3/spring-framework-bom-6.1.3.pom (5.8 kB at 69 kB/s)
Downloading from spring-milestones: https://repo.spring.io/milestone/org/springframework/integration/spring-integration-bom/6.2.1/spring-integration-bom-6.2.1.pom
Downloading from central: https://repo.maven.apache.org/maven2/org/springframework/integration/spring-integration-bom/6.2.1/spring-integration-bom-6.2.1.pom
Progress (1): 962 B
Progress (1): 6.9 kB
Progress (1): 10 kB 
                   
Downloaded from central: https://repo.maven.apache.org/maven2/org/springframework/integration/spring-integration-bom/6.2.1/spring-integration-bom-6.2.1.pom (10 kB at 93 kB/s)
Downloading from spring-milestones: https://repo.spring.io/milestone/org/springframework/pulsar/spring-pulsar-bom/1.0.2/spring-pulsar-bom-1.0.2.pom
Downloading from central: https://repo.maven.apache.org/maven2/org/springframework/pulsar/spring-pulsar-bom/1.0.2/spring-pulsar-bom-1.0.2.pom
Progress (1): 961 B
Progress (1): 2.7 kB
                    
Downloaded from central: https://repo.maven.apache.org/maven2/org/springframework/pulsar/spring-pulsar-bom/1.0.2/spring-pulsar-bom-1.0.2.pom (2.7 kB at 32 kB/s)
Downloading from spring-milestones: https://repo.spring.io/milestone/org/springframework/restdocs/spring-restdocs-bom/3.0.1/spring-restdocs-bom-3.0.1.pom
Downloading from central: https://repo.maven.apache.org/maven2/org/springframework/restdocs/spring-restdocs-bom/3.0.1/spring-restdocs-bom-3.0.1.pom
Progress (1): 1.1 kB
Progress (1): 2.6 kB
                    
Downloaded from central: https://repo.maven.apache.org/maven2/org/springframework/restdocs/spring-restdocs-bom/3.0.1/spring-restdocs-bom-3.0.1.pom (2.6 kB at 24 kB/s)
Downloading from spring-milestones: https://repo.spring.io/milestone/org/springframework/security/spring-security-bom/6.2.1/spring-security-bom-6.2.1.pom
Downloading from central: https://repo.maven.apache.org/maven2/org/springframework/security/spring-security-bom/6.2.1/spring-security-bom-6.2.1.pom
Progress (1): 972 B
Progress (1): 5.3 kB
                    
Downloaded from central: https://repo.maven.apache.org/maven2/org/springframework/security/spring-security-bom/6.2.1/spring-security-bom-6.2.1.pom (5.3 kB at 15 kB/s)
Downloading from spring-milestones: https://repo.spring.io/milestone/org/springframework/session/spring-session-bom/3.2.1/spring-session-bom-3.2.1.pom
Downloading from central: https://repo.maven.apache.org/maven2/org/springframework/session/spring-session-bom/3.2.1/spring-session-bom-3.2.1.pom
Progress (1): 1.0 kB
Progress (1): 2.9 kB
                    
Downloaded from central: https://repo.maven.apache.org/maven2/org/springframework/session/spring-session-bom/3.2.1/spring-session-bom-3.2.1.pom (2.9 kB at 12 kB/s)
Downloading from spring-milestones: https://repo.spring.io/milestone/org/springframework/ws/spring-ws-bom/4.0.10/spring-ws-bom-4.0.10.pom
Downloading from central: https://repo.maven.apache.org/maven2/org/springframework/ws/spring-ws-bom/4.0.10/spring-ws-bom-4.0.10.pom
Progress (1): 1.0 kB
Progress (1): 2.7 kB
Progress (1): 3.5 kB
                    
Downloaded from central: https://repo.maven.apache.org/maven2/org/springframework/ws/spring-ws-bom/4.0.10/spring-ws-bom-4.0.10.pom (3.5 kB at 43 kB/s)
Downloading from spring-milestones: https://repo.spring.io/milestone/org/testcontainers/testcontainers-bom/1.19.3/testcontainers-bom-1.19.3.pom
Downloading from central: https://repo.maven.apache.org/maven2/org/testcontainers/testcontainers-bom/1.19.3/testcontainers-bom-1.19.3.pom
Progress (1): 1.2 kB
Progress (1): 9.0 kB
                    
Downloaded from central: https://repo.maven.apache.org/maven2/org/testcontainers/testcontainers-bom/1.19.3/testcontainers-bom-1.19.3.pom (9.0 kB at 98 kB/s)
[INFO] 
[INFO] -------------------------< com.aiuml:backend >--------------------------
[INFO] Building backend 0.0.1-SNAPSHOT
[INFO]   from pom.xml
[INFO] --------------------------------[ jar ]---------------------------------
Downloading from spring-milestones: https://repo.spring.io/milestone/org/springframework/boot/spring-boot-maven-plugin/3.2.2/spring-boot-maven-plugin-3.2.2.pom
Downloading from central: https://repo.maven.apache.org/maven2/org/springframework/boot/spring-boot-maven-plugin/3.2.2/spring-boot-maven-plugin-3.2.2.pom
Progress (1): 981 B
Progress (1): 4.0 kB
                    
Downloaded from central: https://repo.maven.apache.org/maven2/org/springframework/boot/spring-boot-maven-plugin/3.2.2/spring-boot-maven-plugin-3.2.2.pom (4.0 kB at 13 kB/s)
Downloading from spring-milestones: https://repo.spring.io/milestone/org/springframework/boot/spring-boot-maven-plugin/3.2.2/spring-boot-maven-plugin-3.2.2.jar
Downloading from central: https://repo.maven.apache.org/maven2/org/springframework/boot/spring-boot-maven-plugin/3.2.2/spring-boot-maven-plugin-3.2.2.jar
Progress (1): 7.7/134 kB
Progress (1): 16/134 kB 
Progress (1): 32/134 kB
Progress (1): 49/134 kB
Progress (1): 65/134 kB
Progress (1): 81/134 kB
Progress (1): 98/134 kB
Progress (1): 114/134 kB
Progress (1): 131/134 kB
Progress (1): 134 kB    
                    
Downloaded from central: https://repo.maven.apache.org/maven2/org/springframework/boot/spring-boot-maven-plugin/3.2.2/spring-boot-maven-plugin-3.2.2.jar (134 kB at 765 kB/s)
Downloading from spring-milestones: https://repo.spring.io/milestone/org/apache/maven/plugins/maven-clean-plugin/3.3.2/maven-clean-plugin-3.3.2.pom
Downloading from central: https://repo.maven.apache.org/maven2/org/apache/maven/plugins/maven-clean-plugin/3.3.2/maven-clean-plugin-3.3.2.pom
Progress (1): 797 B
Progress (1): 2.2 kB
Progress (1): 4.9 kB
Progress (1): 5.3 kB
                    
Downloaded from central: https://repo.maven.apache.org/maven2/org/apache/maven/plugins/maven-clean-plugin/3.3.2/maven-clean-plugin-3.3.2.pom (5.3 kB at 47 kB/s)
Downloading from spring-milestones: https://repo.spring.io/milestone/org/apache/maven/plugins/maven-plugins/40/maven-plugins-40.pom
Downloading from central: https://repo.maven.apache.org/maven2/org/apache/maven/plugins/maven-plugins/40/maven-plugins-40.pom
Progress (1): 770 B
Progress (1): 2.3 kB
Progress (1): 4.9 kB
Progress (1): 7.4 kB
Progress (1): 8.1 kB
                    
Downloaded from central: https://repo.maven.apache.org/maven2/org/apache/maven/plugins/maven-plugins/40/maven-plugins-40.pom (8.1 kB at 72 kB/s)
Downloading from spring-milestones: https://repo.spring.io/milestone/org/apache/maven/maven-parent/40/maven-parent-40.pom
Downloading from central: https://repo.maven.apache.org/maven2/org/apache/maven/maven-parent/40/maven-parent-40.pom
Progress (1): 716 B
Progress (1): 1.9 kB
Progress (1): 5.5 kB
Progress (1): 9.7 kB
Progress (1): 14 kB 
Progress (1): 19 kB
Progress (1): 23 kB
Progress (1): 26 kB
Progress (1): 28 kB
Progress (1): 31 kB
Progress (1): 34 kB
Progress (1): 37 kB
Progress (1): 40 kB
Progress (1): 43 kB
Progress (1): 48 kB
Progress (1): 48 kB
Progress (1): 49 kB
                   
Downloaded from central: https://repo.maven.apache.org/maven2/org/apache/maven/maven-parent/40/maven-parent-40.pom (49 kB at 494 kB/s)
Downloading from spring-milestones: https://repo.spring.io/milestone/org/apache/maven/plugins/maven-clean-plugin/3.3.2/maven-clean-plugin-3.3.2.jar
Downloading from central: https://repo.maven.apache.org/maven2/org/apache/maven/plugins/maven-clean-plugin/3.3.2/maven-clean-plugin-3.3.2.jar
Progress (1): 7.7/36 kB
Progress (1): 12/36 kB 
Progress (1): 28/36 kB
Progress (1): 36 kB   
                   
Downloaded from central: https://repo.maven.apache.org/maven2/org/apache/maven/plugins/maven-clean-plugin/3.3.2/maven-clean-plugin-3.3.2.jar (36 kB at 345 kB/s)
Downloading from spring-milestones: https://repo.spring.io/milestone/org/apache/maven/plugins/maven-resources-plugin/3.3.1/maven-resources-plugin-3.3.1.pom
Downloading from central: https://repo.maven.apache.org/maven2/org/apache/maven/plugins/maven-resources-plugin/3.3.1/maven-resources-plugin-3.3.1.pom
Progress (1): 766 B
Progress (1): 2.1 kB
Progress (1): 4.9 kB
Progress (1): 7.5 kB
Progress (1): 8.2 kB
                    
Downloaded from central: https://repo.maven.apache.org/maven2/org/apache/maven/plugins/maven-resources-plugin/3.3.1/maven-resources-plugin-3.3.1.pom (8.2 kB at 99 kB/s)
Downloading from spring-milestones: https://repo.spring.io/milestone/org/apache/maven/plugins/maven-plugins/39/maven-plugins-39.pom
Downloading from central: https://repo.maven.apache.org/maven2/org/apache/maven/plugins/maven-plugins/39/maven-plugins-39.pom
Progress (1): 763 B
Progress (1): 2.3 kB
Progress (1): 4.9 kB
Progress (1): 7.3 kB
Progress (1): 8.1 kB
                    
Downloaded from central: https://repo.maven.apache.org/maven2/org/apache/maven/plugins/maven-plugins/39/maven-plugins-39.pom (8.1 kB at 109 kB/s)
Downloading from spring-milestones: https://repo.spring.io/milestone/org/apache/maven/maven-parent/39/maven-parent-39.pom
Downloading from central: https://repo.maven.apache.org/maven2/org/apache/maven/maven-parent/39/maven-parent-39.pom
Progress (1): 724 B
Progress (1): 1.9 kB
Progress (1): 5.5 kB
Progress (1): 9.7 kB
Progress (1): 14 kB 
Progress (1): 19 kB
Progress (1): 23 kB
Progress (1): 26 kB
Progress (1): 28 kB
Progress (1): 30 kB
Progress (1): 34 kB
Progress (1): 37 kB
Progress (1): 40 kB
Progress (1): 43 kB
Progress (1): 48 kB
                   
Downloaded from central: https://repo.maven.apache.org/maven2/org/apache/maven/maven-parent/39/maven-parent-39.pom (48 kB at 545 kB/s)
Downloading from spring-milestones: https://repo.spring.io/milestone/org/apache/apache/29/apache-29.pom
Downloading from central: https://repo.maven.apache.org/maven2/org/apache/apache/29/apache-29.pom
Progress (1): 745 B
Progress (1): 2.1 kB
Progress (1): 4.0 kB
Progress (1): 6.7 kB
Progress (1): 12 kB 
Progress (1): 16 kB
Progress (1): 19 kB
Progress (1): 21 kB
                   
Downloaded from central: https://repo.maven.apache.org/maven2/org/apache/apache/29/apache-29.pom (21 kB at 216 kB/s)
Downloading from spring-milestones: https://repo.spring.io/milestone/org/apache/maven/plugins/maven-resources-plugin/3.3.1/maven-resources-plugin-3.3.1.jar
Downloading from central: https://repo.maven.apache.org/maven2/org/apache/maven/plugins/maven-resources-plugin/3.3.1/maven-resources-plugin-3.3.1.jar
Progress (1): 7.7/31 kB
Progress (1): 16/31 kB 
Progress (1): 31 kB   
                   
Downloaded from central: https://repo.maven.apache.org/maven2/org/apache/maven/plugins/maven-resources-plugin/3.3.1/maven-resources-plugin-3.3.1.jar (31 kB at 373 kB/s)
Downloading from spring-milestones: https://repo.spring.io/milestone/org/apache/maven/plugins/maven-compiler-plugin/3.11.0/maven-compiler-plugin-3.11.0.pom
Downloading from central: https://repo.maven.apache.org/maven2/org/apache/maven/plugins/maven-compiler-plugin/3.11.0/maven-compiler-plugin-3.11.0.pom
Progress (1): 756 B
Progress (1): 2.2 kB
Progress (1): 3.9 kB
Progress (1): 7.6 kB
Progress (1): 9.8 kB
                    
Downloaded from central: https://repo.maven.apache.org/maven2/org/apache/maven/plugins/maven-compiler-plugin/3.11.0/maven-compiler-plugin-3.11.0.pom (9.8 kB at 88 kB/s)
Downloading from spring-milestones: https://repo.spring.io/milestone/org/apache/maven/plugins/maven-compiler-plugin/3.11.0/maven-compiler-plugin-3.11.0.jar
Downloading from central: https://repo.maven.apache.org/maven2/org/apache/maven/plugins/maven-compiler-plugin/3.11.0/maven-compiler-plugin-3.11.0.jar
Progress (1): 7.7/66 kB
Progress (1): 16/66 kB 
Progress (1): 32/66 kB
Progress (1): 48/66 kB
Progress (1): 65/66 kB
Progress (1): 66 kB   
                   
Downloaded from central: https://repo.maven.apache.org/maven2/org/apache/maven/plugins/maven-compiler-plugin/3.11.0/maven-compiler-plugin-3.11.0.jar (66 kB at 597 kB/s)
Downloading from spring-milestones: https://repo.spring.io/milestone/org/apache/maven/plugins/maven-surefire-plugin/3.1.2/maven-surefire-plugin-3.1.2.pom
Downloading from central: https://repo.maven.apache.org/maven2/org/apache/maven/plugins/maven-surefire-plugin/3.1.2/maven-surefire-plugin-3.1.2.pom
